2002.10.04 21:52 B E:\ben\rpg\admin\templates\announcements_add.htm <-- gaming-honor /httpdocs/rpg/admin/templates announcements_add.htm
2002.10.04 21:52 B E:\ben\rpg\admin\templates\announcements_del.htm <-- gaming-honor /httpdocs/rpg/admin/templates announcements_del.htm
2002.10.04 21:52 B E:\ben\rpg\admin\templates\announcements_delbit.htm <-- gaming-honor /httpdocs/rpg/admin/templates announcements_delbit.htm
2002.10.04 21:53 B E:\ben\rpg\admin\templates\armor_add.htm <-- gaming-honor /httpdocs/rpg/admin/templates armor_add.htm
2002.10.04 21:53 B E:\ben\rpg\admin\templates\armor_del.htm <-- gaming-honor /httpdocs/rpg/admin/templates armor_del.htm
2002.10.04 21:53 B E:\ben\rpg\admin\templates\armor_delbit.htm <-- gaming-honor /httpdocs/rpg/admin/templates armor_delbit.htm
2002.10.04 21:53 B E:\ben\rpg\admin\templates\boots_add.htm <-- gaming-honor /httpdocs/rpg/admin/templates boots_add.htm
2002.10.04 21:53 B E:\ben\rpg\admin\templates\boots_del.htm <-- gaming-honor /httpdocs/rpg/admin/templates boots_del.htm
2002.10.04 21:53 B E:\ben\rpg\admin\templates\boots_delbit.htm <-- gaming-honor /httpdocs/rpg/admin/templates boots_delbit.htm
2002.10.04 21:53 B E:\ben\rpg\admin\templates\class_add.htm <-- gaming-honor /httpdocs/rpg/admin/templates class_add.htm
2002.10.04 21:53 B E:\ben\rpg\admin\templates\class_del.htm <-- gaming-honor /httpdocs/rpg/admin/templates class_del.htm
2002.10.04 21:53 B E:\ben\rpg\admin\templates\class_delbit.htm <-- gaming-honor /httpdocs/rpg/admin/templates class_delbit.htm
2002.10.04 21:53 B E:\ben\rpg\admin\templates\config.htm <-- gaming-honor /httpdocs/rpg/admin/templates config.htm
2002.10.04 21:53 B E:\ben\rpg\admin\templates\db_error.htm <-- gaming-honor /httpdocs/rpg/admin/templates db_error.htm
2002.10.04 21:53 B E:\ben\rpg\admin\templates\error.htm <-- gaming-honor /httpdocs/rpg/admin/templates error.htm
2002.10.04 21:53 B E:\ben\rpg\admin\templates\frameset.htm <-- gaming-honor /httpdocs/rpg/admin/templates frameset.htm
2002.10.04 21:53 B E:\ben\rpg\admin\templates\gloves_add.htm <-- gaming-honor /httpdocs/rpg/admin/templates gloves_add.htm
2002.10.04 21:53 B E:\ben\rpg\admin\templates\gloves_del.htm <-- gaming-honor /httpdocs/rpg/admin/templates gloves_del.htm
2002.10.04 21:53 B E:\ben\rpg\admin\templates\gloves_delbit.htm <-- gaming-honor /httpdocs/rpg/admin/templates gloves_delbit.htm
2002.10.04 21:53 B E:\ben\rpg\admin\templates\headbanner.htm <-- gaming-honor /httpdocs/rpg/admin/templates headbanner.htm
2002.10.04 21:53 B E:\ben\rpg\admin\templates\headinclude.htm <-- gaming-honor /httpdocs/rpg/admin/templates headinclude.htm
2002.10.04 21:53 B E:\ben\rpg\admin\templates\helmet_add.htm <-- gaming-honor /httpdocs/rpg/admin/templates helmet_add.htm
2002.10.04 21:53 B E:\ben\rpg\admin\templates\helmet_del.htm <-- gaming-honor /httpdocs/rpg/admin/templates helmet_del.htm
2002.10.04 21:53 B E:\ben\rpg\admin\templates\helmet_delbit.htm <-- gaming-honor /httpdocs/rpg/admin/templates helmet_delbit.htm
2002.10.04 21:53 B E:\ben\rpg\admin\templates\levels.htm <-- gaming-honor /httpdocs/rpg/admin/templates levels.htm
2002.10.04 21:53 B E:\ben\rpg\admin\templates\menu.htm <-- gaming-honor /httpdocs/rpg/admin/templates menu.htm
2002.10.04 21:53 B E:\ben\rpg\admin\templates\shields_add.htm <-- gaming-honor /httpdocs/rpg/admin/templates shields_add.htm
2002.10.04 21:53 B E:\ben\rpg\admin\templates\shields_del.htm <-- gaming-honor /httpdocs/rpg/admin/templates shields_del.htm
2002.10.04 21:53 B E:\ben\rpg\admin\templates\shields_delbit.htm <-- gaming-honor /httpdocs/rpg/admin/templates shields_delbit.htm
2002.10.04 21:53 B E:\ben\rpg\admin\templates\smallitem_add.htm <-- gaming-honor /httpdocs/rpg/admin/templates smallitem_add.htm
2002.10.04 21:53 B E:\ben\rpg\admin\templates\smallitem_del.htm <-- gaming-honor /httpdocs/rpg/admin/templates smallitem_del.htm
2002.10.04 21:53 B E:\ben\rpg\admin\templates\smallitem_delbit.htm <-- gaming-honor /httpdocs/rpg/admin/templates smallitem_delbit.htm
2002.10.04 21:53 B E:\ben\rpg\admin\templates\special_deal_add.htm <-- gaming-honor /httpdocs/rpg/admin/templates special_deal_add.htm
2002.10.04 21:53 B E:\ben\rpg\admin\templates\special_deal_del.htm <-- gaming-honor /httpdocs/rpg/admin/templates special_deal_del.htm
2002.10.04 21:53 B E:\ben\rpg\admin\templates\special_deal_delbit.htm <-- gaming-honor /httpdocs/rpg/admin/templates special_deal_delbit.htm
2002.10.04 21:53 B E:\ben\rpg\admin\templates\specialitem_add.htm <-- gaming-honor /httpdocs/rpg/admin/templates specialitem_add.htm
2002.10.04 21:53 B E:\ben\rpg\admin\templates\specialitem_del.htm <-- gaming-honor /httpdocs/rpg/admin/templates specialitem_del.htm
2002.10.04 21:53 B E:\ben\rpg\admin\templates\specialitem_delbit.htm <-- gaming-honor /httpdocs/rpg/admin/templates specialitem_delbit.htm
2002.10.04 21:53 B E:\ben\rpg\admin\templates\swords_add.htm <-- gaming-honor /httpdocs/rpg/admin/templates swords_add.htm
2002.10.04 21:53 B E:\ben\rpg\admin\templates\swords_del.htm <-- gaming-honor /httpdocs/rpg/admin/templates swords_del.htm
2002.10.04 21:53 B E:\ben\rpg\admin\templates\swords_delbit.htm <-- gaming-honor /httpdocs/rpg/admin/templates swords_delbit.htm
2002.10.04 21:53 B E:\ben\rpg\admin\templates\welcome.htm <-- gaming-honor /httpdocs/rpg/admin/templates welcome.htm
