2002.08.09 16:50 B c:\newswp\SiteWorksPro\admin\includes\jscript\adminuser.js --> siteworkspro.com /htdocs/www/demo/admin/includes/jscript adminuser.js
2002.08.09 16:50 B c:\newswp\SiteWorksPro\admin\includes\jscript\affiliates.js --> siteworkspro.com /htdocs/www/demo/admin/includes/jscript affiliates.js
2002.08.09 16:50 B c:\newswp\SiteWorksPro\admin\includes\jscript\articles.js --> siteworkspro.com /htdocs/www/demo/admin/includes/jscript articles.js
2002.08.09 16:50 B c:\newswp\SiteWorksPro\admin\includes\jscript\books.js --> siteworkspro.com /htdocs/www/demo/admin/includes/jscript books.js
2002.08.09 16:50 B c:\newswp\SiteWorksPro\admin\includes\jscript\categories.js --> siteworkspro.com /htdocs/www/demo/admin/includes/jscript categories.js
2002.08.09 16:50 B c:\newswp\SiteWorksPro\admin\includes\jscript\devnews.js --> siteworkspro.com /htdocs/www/demo/admin/includes/jscript devnews.js
2002.08.09 16:50 B c:\newswp\SiteWorksPro\admin\includes\jscript\newsletter.js --> siteworkspro.com /htdocs/www/demo/admin/includes/jscript newsletter.js
2002.08.09 16:50 B c:\newswp\SiteWorksPro\admin\includes\jscript\poll.js --> siteworkspro.com /htdocs/www/demo/admin/includes/jscript poll.js
2002.09.09 12:39 B c:\newswp\SiteWorksPro\admin\includes\jscript\adminuser.js --> www.bday.org /httpdocs/admin/includes/jscript adminuser.js
2002.09.09 12:39 B c:\newswp\SiteWorksPro\admin\includes\jscript\affiliates.js --> www.bday.org /httpdocs/admin/includes/jscript affiliates.js
2002.09.09 12:39 B c:\newswp\SiteWorksPro\admin\includes\jscript\articles.js --> www.bday.org /httpdocs/admin/includes/jscript articles.js
2002.09.09 12:39 B c:\newswp\SiteWorksPro\admin\includes\jscript\books.js --> www.bday.org /httpdocs/admin/includes/jscript books.js
2002.09.09 12:39 B c:\newswp\SiteWorksPro\admin\includes\jscript\categories.js --> www.bday.org /httpdocs/admin/includes/jscript categories.js
2002.09.09 12:39 B c:\newswp\SiteWorksPro\admin\includes\jscript\devnews.js --> www.bday.org /httpdocs/admin/includes/jscript devnews.js
2002.09.09 12:39 B c:\newswp\SiteWorksPro\admin\includes\jscript\ebooks.js --> www.bday.org /httpdocs/admin/includes/jscript ebooks.js
2002.09.09 12:39 B c:\newswp\SiteWorksPro\admin\includes\jscript\imagebank.js --> www.bday.org /httpdocs/admin/includes/jscript imagebank.js
2002.09.09 12:40 B c:\newswp\SiteWorksPro\admin\includes\jscript\newsletter.js --> www.bday.org /httpdocs/admin/includes/jscript newsletter.js
2002.09.09 12:40 B c:\newswp\SiteWorksPro\admin\includes\jscript\personal.js --> www.bday.org /httpdocs/admin/includes/jscript personal.js
2002.09.09 12:40 B c:\newswp\SiteWorksPro\admin\includes\jscript\poll.js --> www.bday.org /httpdocs/admin/includes/jscript poll.js
2002.09.09 12:40 B c:\newswp\SiteWorksPro\admin\includes\jscript\sitedetails.js --> www.bday.org /httpdocs/admin/includes/jscript sitedetails.js
2002.09.09 12:40 B c:\newswp\SiteWorksPro\admin\includes\jscript\visitor.js --> www.bday.org /httpdocs/admin/includes/jscript visitor.js
2002.09.09 12:40 B c:\newswp\SiteWorksPro\admin\includes\jscript\WS_FTP.LOG --> www.bday.org /httpdocs/admin/includes/jscript WS_FTP.LOG
