2002.08.09 16:52 B c:\newswp\SiteWorksPro\images\blank.gif --> siteworkspro.com /htdocs/www/demo/images blank.gif
2002.08.09 16:52 B c:\newswp\SiteWorksPro\images\folder.gif --> siteworkspro.com /htdocs/www/demo/images folder.gif
2002.08.09 16:52 B c:\newswp\SiteWorksPro\images\gar.gif --> siteworkspro.com /htdocs/www/demo/images gar.gif
2002.08.09 16:52 B c:\newswp\SiteWorksPro\images\gbgb4.gif --> siteworkspro.com /htdocs/www/demo/images gbgb4.gif
2002.08.09 16:52 B c:\newswp\SiteWorksPro\images\gbgrhs.gif --> siteworkspro.com /htdocs/www/demo/images gbgrhs.gif
2002.08.09 16:52 B c:\newswp\SiteWorksPro\images\logo.gif --> siteworkspro.com /htdocs/www/demo/images logo.gif
2002.08.09 16:52 B c:\newswp\SiteWorksPro\images\oar1.gif --> siteworkspro.com /htdocs/www/demo/images oar1.gif
2002.08.09 16:52 B c:\newswp\SiteWorksPro\images\person.gif --> siteworkspro.com /htdocs/www/demo/images person.gif
2002.08.09 16:52 B c:\newswp\SiteWorksPro\images\rcbg1.gif --> siteworkspro.com /htdocs/www/demo/images rcbg1.gif
2002.08.09 16:52 B c:\newswp\SiteWorksPro\images\rgtbg.gif --> siteworkspro.com /htdocs/www/demo/images rgtbg.gif
2002.08.09 16:52 B c:\newswp\SiteWorksPro\images\rlbg1.gif --> siteworkspro.com /htdocs/www/demo/images rlbg1.gif
2002.08.09 16:52 B c:\newswp\SiteWorksPro\images\rlbg2.gif --> siteworkspro.com /htdocs/www/demo/images rlbg2.gif
2002.08.09 16:52 B c:\newswp\SiteWorksPro\images\rlbg3.gif --> siteworkspro.com /htdocs/www/demo/images rlbg3.gif
2002.08.09 16:52 B c:\newswp\SiteWorksPro\images\rlbg4.gif --> siteworkspro.com /htdocs/www/demo/images rlbg4.gif
2002.08.09 16:52 B c:\newswp\SiteWorksPro\images\rlbg5.gif --> siteworkspro.com /htdocs/www/demo/images rlbg5.gif
2002.08.09 16:52 B c:\newswp\SiteWorksPro\images\rtbg1.gif --> siteworkspro.com /htdocs/www/demo/images rtbg1.gif
2002.08.09 16:52 B c:\newswp\SiteWorksPro\images\rtbg2.gif --> siteworkspro.com /htdocs/www/demo/images rtbg2.gif
2002.08.09 16:52 B c:\newswp\SiteWorksPro\images\rtbg3.gif --> siteworkspro.com /htdocs/www/demo/images rtbg3.gif
2002.08.09 16:52 B c:\newswp\SiteWorksPro\images\rtbg4.gif --> siteworkspro.com /htdocs/www/demo/images rtbg4.gif
2002.08.09 16:52 B c:\newswp\SiteWorksPro\images\rtgbg.gif --> siteworkspro.com /htdocs/www/demo/images rtgbg.gif
2002.08.09 16:52 B c:\newswp\SiteWorksPro\images\Sav1D60.tmp --> siteworkspro.com /htdocs/www/demo/images Sav1D60.tmp
2002.08.09 16:52 B c:\newswp\SiteWorksPro\images\topr.gif --> siteworkspro.com /htdocs/www/demo/images topr.gif
2002.08.09 16:52 B c:\newswp\SiteWorksPro\images\wbg8.gif --> siteworkspro.com /htdocs/www/demo/images wbg8.gif
2002.09.09 12:44 B c:\newswp\SiteWorksPro\images\blank.gif --> www.bday.org /httpdocs/images blank.gif
2002.09.09 12:44 B c:\newswp\SiteWorksPro\images\folder.gif --> www.bday.org /httpdocs/images folder.gif
2002.09.09 12:44 B c:\newswp\SiteWorksPro\images\frontpic.gif --> www.bday.org /httpdocs/images frontpic.gif
2002.09.09 12:44 B c:\newswp\SiteWorksPro\images\gar.gif --> www.bday.org /httpdocs/images gar.gif
2002.09.09 12:44 B c:\newswp\SiteWorksPro\images\gbgb4.gif --> www.bday.org /httpdocs/images gbgb4.gif
2002.09.09 12:44 B c:\newswp\SiteWorksPro\images\gbgrhs.gif --> www.bday.org /httpdocs/images gbgrhs.gif
2002.09.09 12:44 B c:\newswp\SiteWorksPro\images\gd.gif --> www.bday.org /httpdocs/images gd.gif
2002.09.09 12:44 B c:\newswp\SiteWorksPro\images\gl.gif --> www.bday.org /httpdocs/images gl.gif
2002.09.09 12:44 B c:\newswp\SiteWorksPro\images\gt.gif --> www.bday.org /httpdocs/images gt.gif
2002.09.09 12:44 B c:\newswp\SiteWorksPro\images\home_off.gif --> www.bday.org /httpdocs/images home_off.gif
2002.09.09 12:44 B c:\newswp\SiteWorksPro\images\hp.gif --> www.bday.org /httpdocs/images hp.gif
2002.09.09 12:44 B c:\newswp\SiteWorksPro\images\join.gif --> www.bday.org /httpdocs/images join.gif
2002.09.09 12:44 B c:\newswp\SiteWorksPro\images\logo.gif --> www.bday.org /httpdocs/images logo.gif
2002.09.09 12:44 B c:\newswp\SiteWorksPro\images\menu.gif --> www.bday.org /httpdocs/images menu.gif
2002.09.09 12:44 B c:\newswp\SiteWorksPro\images\oar1.gif --> www.bday.org /httpdocs/images oar1.gif
2002.09.09 12:44 B c:\newswp\SiteWorksPro\images\person.gif --> www.bday.org /httpdocs/images person.gif
2002.09.09 12:44 B c:\newswp\SiteWorksPro\images\printarticle.gif --> www.bday.org /httpdocs/images printarticle.gif
2002.09.09 12:44 B c:\newswp\SiteWorksPro\images\ratingbanneroff.gif --> www.bday.org /httpdocs/images ratingbanneroff.gif
2002.09.09 12:44 B c:\newswp\SiteWorksPro\images\ratingbanneron.gif --> www.bday.org /httpdocs/images ratingbanneron.gif
2002.09.09 12:44 B c:\newswp\SiteWorksPro\images\ratingbarhalf.gif --> www.bday.org /httpdocs/images ratingbarhalf.gif
2002.09.09 12:44 B c:\newswp\SiteWorksPro\images\ratingbaroff.gif --> www.bday.org /httpdocs/images ratingbaroff.gif
2002.09.09 12:44 B c:\newswp\SiteWorksPro\images\ratingbaron.gif --> www.bday.org /httpdocs/images ratingbaron.gif
2002.09.09 12:44 B c:\newswp\SiteWorksPro\images\rb1.gif --> www.bday.org /httpdocs/images rb1.gif
2002.09.09 12:44 B c:\newswp\SiteWorksPro\images\rbg.gif --> www.bday.org /httpdocs/images rbg.gif
2002.09.09 12:44 B c:\newswp\SiteWorksPro\images\rcbg1.gif --> www.bday.org /httpdocs/images rcbg1.gif
2002.09.09 12:44 B c:\newswp\SiteWorksPro\images\rgtbg.gif --> www.bday.org /httpdocs/images rgtbg.gif
2002.09.09 12:44 B c:\newswp\SiteWorksPro\images\rlbg1.gif --> www.bday.org /httpdocs/images rlbg1.gif
2002.09.09 12:44 B c:\newswp\SiteWorksPro\images\rlbg2.gif --> www.bday.org /httpdocs/images rlbg2.gif
2002.09.09 12:44 B c:\newswp\SiteWorksPro\images\rlbg3.gif --> www.bday.org /httpdocs/images rlbg3.gif
2002.09.09 12:44 B c:\newswp\SiteWorksPro\images\rlbg4.gif --> www.bday.org /httpdocs/images rlbg4.gif
2002.09.09 12:45 B c:\newswp\SiteWorksPro\images\rlbg5.gif --> www.bday.org /httpdocs/images rlbg5.gif
2002.09.09 12:45 B c:\newswp\SiteWorksPro\images\rt.gif --> www.bday.org /httpdocs/images rt.gif
2002.09.09 12:45 B c:\newswp\SiteWorksPro\images\rt1.gif --> www.bday.org /httpdocs/images rt1.gif
2002.09.09 12:45 B c:\newswp\SiteWorksPro\images\rt2.gif --> www.bday.org /httpdocs/images rt2.gif
2002.09.09 12:45 B c:\newswp\SiteWorksPro\images\rtbg1.gif --> www.bday.org /httpdocs/images rtbg1.gif
2002.09.09 12:45 B c:\newswp\SiteWorksPro\images\rtbg2.gif --> www.bday.org /httpdocs/images rtbg2.gif
2002.09.09 12:45 B c:\newswp\SiteWorksPro\images\rtbg3.gif --> www.bday.org /httpdocs/images rtbg3.gif
2002.09.09 12:45 B c:\newswp\SiteWorksPro\images\rtbg4.gif --> www.bday.org /httpdocs/images rtbg4.gif
2002.09.09 12:45 B c:\newswp\SiteWorksPro\images\rtgbg.gif --> www.bday.org /httpdocs/images rtgbg.gif
2002.09.09 12:45 B c:\newswp\SiteWorksPro\images\Sav1D60.tmp --> www.bday.org /httpdocs/images Sav1D60.tmp
2002.09.09 12:45 B c:\newswp\SiteWorksPro\images\staff.gif --> www.bday.org /httpdocs/images staff.gif
2002.09.09 12:45 B c:\newswp\SiteWorksPro\images\topr.gif --> www.bday.org /httpdocs/images topr.gif
2002.09.09 12:45 B c:\newswp\SiteWorksPro\images\vote.gif --> www.bday.org /httpdocs/images vote.gif
2002.09.09 12:45 B c:\newswp\SiteWorksPro\images\wbg8.gif --> www.bday.org /httpdocs/images wbg8.gif
2002.09.09 12:45 B c:\newswp\SiteWorksPro\images\wl.gif --> www.bday.org /httpdocs/images wl.gif
2002.09.09 12:45 B c:\newswp\SiteWorksPro\images\WS_FTP.LOG --> www.bday.org /httpdocs/images WS_FTP.LOG
