2002.10.04 21:55 B E:\ben\rpg\templates\acceptreject.htm <-- gaming-honor /httpdocs/rpg/templates acceptreject.htm
2002.10.04 21:55 B E:\ben\rpg\templates\access_error.htm <-- gaming-honor /httpdocs/rpg/templates access_error.htm
2002.10.04 21:55 B E:\ben\rpg\templates\access_error_login.htm <-- gaming-honor /httpdocs/rpg/templates access_error_login.htm
2002.10.04 21:55 B E:\ben\rpg\templates\access_error_logout.htm <-- gaming-honor /httpdocs/rpg/templates access_error_logout.htm
2002.10.04 21:55 B E:\ben\rpg\templates\action_error.htm <-- gaming-honor /httpdocs/rpg/templates action_error.htm
2002.10.04 21:55 B E:\ben\rpg\templates\action_ride.htm <-- gaming-honor /httpdocs/rpg/templates action_ride.htm
2002.10.04 21:55 B E:\ben\rpg\templates\admincp.htm <-- gaming-honor /httpdocs/rpg/templates admincp.htm
2002.10.04 21:55 B E:\ben\rpg\templates\announcement_bit.htm <-- gaming-honor /httpdocs/rpg/templates announcement_bit.htm
2002.10.04 21:55 B E:\ben\rpg\templates\arena.htm <-- gaming-honor /httpdocs/rpg/templates arena.htm
2002.10.04 21:55 B E:\ben\rpg\templates\arena_me.htm <-- gaming-honor /httpdocs/rpg/templates arena_me.htm
2002.10.04 21:55 B E:\ben\rpg\templates\arena_you.htm <-- gaming-honor /httpdocs/rpg/templates arena_you.htm
2002.10.04 21:55 B E:\ben\rpg\templates\armor_shop.htm <-- gaming-honor /httpdocs/rpg/templates armor_shop.htm
2002.10.04 21:55 B E:\ben\rpg\templates\armor_shopbit.htm <-- gaming-honor /httpdocs/rpg/templates armor_shopbit.htm
2002.10.04 21:55 B E:\ben\rpg\templates\attacktest.htm <-- gaming-honor /httpdocs/rpg/templates attacktest.htm
2002.10.04 21:55 B E:\ben\rpg\templates\attacktest2.htm <-- gaming-honor /httpdocs/rpg/templates attacktest2.htm
2002.10.04 21:55 B E:\ben\rpg\templates\bank.htm <-- gaming-honor /httpdocs/rpg/templates bank.htm
2002.10.04 21:55 B E:\ben\rpg\templates\battle_entrance.htm <-- gaming-honor /httpdocs/rpg/templates battle_entrance.htm
2002.10.04 21:55 B E:\ben\rpg\templates\battle_field.htm <-- gaming-honor /httpdocs/rpg/templates battle_field.htm
2002.10.04 21:55 B E:\ben\rpg\templates\battle_main.htm <-- gaming-honor /httpdocs/rpg/templates battle_main.htm
2002.10.04 21:55 B E:\ben\rpg\templates\battlerejected.htm <-- gaming-honor /httpdocs/rpg/templates battlerejected.htm
2002.10.04 21:55 B E:\ben\rpg\templates\boots_shop.htm <-- gaming-honor /httpdocs/rpg/templates boots_shop.htm
2002.10.04 21:55 B E:\ben\rpg\templates\boots_shopbit.htm <-- gaming-honor /httpdocs/rpg/templates boots_shopbit.htm
2002.10.04 21:55 B E:\ben\rpg\templates\cp-edit.htm <-- gaming-honor /httpdocs/rpg/templates cp-edit.htm
2002.10.04 21:55 B E:\ben\rpg\templates\cp-inventory.htm <-- gaming-honor /httpdocs/rpg/templates cp-inventory.htm
2002.10.04 21:55 B E:\ben\rpg\templates\cp-main.htm <-- gaming-honor /httpdocs/rpg/templates cp-main.htm
2002.10.04 21:55 B E:\ben\rpg\templates\db_error.htm <-- gaming-honor /httpdocs/rpg/templates db_error.htm
2002.10.04 21:55 B E:\ben\rpg\templates\disclaimer.htm <-- gaming-honor /httpdocs/rpg/templates disclaimer.htm
2002.10.04 21:55 B E:\ben\rpg\templates\donate.htm <-- gaming-honor /httpdocs/rpg/templates donate.htm
2002.10.04 21:55 B E:\ben\rpg\templates\entrance_denied.htm <-- gaming-honor /httpdocs/rpg/templates entrance_denied.htm
2002.10.04 21:55 B E:\ben\rpg\templates\error.htm <-- gaming-honor /httpdocs/rpg/templates error.htm
2002.10.04 21:55 B E:\ben\rpg\templates\error1.htm <-- gaming-honor /httpdocs/rpg/templates error1.htm
2002.10.04 21:55 B E:\ben\rpg\templates\error2.htm <-- gaming-honor /httpdocs/rpg/templates error2.htm
2002.10.04 21:55 B E:\ben\rpg\templates\error26.htm <-- gaming-honor /httpdocs/rpg/templates error26.htm
2002.10.04 21:55 B E:\ben\rpg\templates\escape.htm <-- gaming-honor /httpdocs/rpg/templates escape.htm
2002.10.04 21:55 B E:\ben\rpg\templates\faq.htm <-- gaming-honor /httpdocs/rpg/templates faq.htm
2002.10.04 21:55 B E:\ben\rpg\templates\footer.htm <-- gaming-honor /httpdocs/rpg/templates footer.htm
2002.10.04 21:55 B E:\ben\rpg\templates\frameset.htm <-- gaming-honor /httpdocs/rpg/templates frameset.htm
2002.10.04 21:55 B E:\ben\rpg\templates\glove_shop.htm <-- gaming-honor /httpdocs/rpg/templates glove_shop.htm
2002.10.04 21:55 B E:\ben\rpg\templates\glove_shopbit.htm <-- gaming-honor /httpdocs/rpg/templates glove_shopbit.htm
2002.10.04 21:55 B E:\ben\rpg\templates\guardtest.htm <-- gaming-honor /httpdocs/rpg/templates guardtest.htm
2002.10.04 21:55 B E:\ben\rpg\templates\guardtest2.htm <-- gaming-honor /httpdocs/rpg/templates guardtest2.htm
2002.10.04 21:55 B E:\ben\rpg\templates\header.htm <-- gaming-honor /httpdocs/rpg/templates header.htm
2002.10.04 21:55 B E:\ben\rpg\templates\headinclude.htm <-- gaming-honor /httpdocs/rpg/templates headinclude.htm
2002.10.04 21:55 B E:\ben\rpg\templates\helmet_shop.htm <-- gaming-honor /httpdocs/rpg/templates helmet_shop.htm
2002.10.04 21:55 B E:\ben\rpg\templates\helmet_shopbit.htm <-- gaming-honor /httpdocs/rpg/templates helmet_shopbit.htm
2002.10.04 21:55 B E:\ben\rpg\templates\iamdead.htm <-- gaming-honor /httpdocs/rpg/templates iamdead.htm
2002.10.04 21:55 B E:\ben\rpg\templates\imawinner.htm <-- gaming-honor /httpdocs/rpg/templates imawinner.htm
2002.10.04 21:55 B E:\ben\rpg\templates\isadmin.htm <-- gaming-honor /httpdocs/rpg/templates isadmin.htm
2002.10.04 21:55 B E:\ben\rpg\templates\itemtest.htm <-- gaming-honor /httpdocs/rpg/templates itemtest.htm
2002.10.04 21:55 B E:\ben\rpg\templates\itemtest2.htm <-- gaming-honor /httpdocs/rpg/templates itemtest2.htm
2002.10.04 21:55 B E:\ben\rpg\templates\leveltest.htm <-- gaming-honor /httpdocs/rpg/templates leveltest.htm
2002.10.04 21:55 B E:\ben\rpg\templates\levelup.htm <-- gaming-honor /httpdocs/rpg/templates levelup.htm
2002.10.04 21:55 B E:\ben\rpg\templates\lg_anonymous.htm <-- gaming-honor /httpdocs/rpg/templates lg_anonymous.htm
2002.10.04 21:55 B E:\ben\rpg\templates\loan.cfm <-- gaming-honor /httpdocs/rpg/templates loan.cfm
2002.10.04 21:55 B E:\ben\rpg\templates\loan.htm <-- gaming-honor /httpdocs/rpg/templates loan.htm
2002.10.04 21:55 B E:\ben\rpg\templates\loggedon.htm <-- gaming-honor /httpdocs/rpg/templates loggedon.htm
2002.10.04 21:55 B E:\ben\rpg\templates\login.htm <-- gaming-honor /httpdocs/rpg/templates login.htm
2002.10.04 21:55 B E:\ben\rpg\templates\main.htm <-- gaming-honor /httpdocs/rpg/templates main.htm
2002.10.04 21:55 B E:\ben\rpg\templates\main_arena.htm <-- gaming-honor /httpdocs/rpg/templates main_arena.htm
2002.10.04 21:55 B E:\ben\rpg\templates\main_shop.htm <-- gaming-honor /httpdocs/rpg/templates main_shop.htm
2002.10.04 21:55 B E:\ben\rpg\templates\members_profile.htm <-- gaming-honor /httpdocs/rpg/templates members_profile.htm
2002.10.04 21:55 B E:\ben\rpg\templates\members_view.htm <-- gaming-honor /httpdocs/rpg/templates members_view.htm
2002.10.04 21:55 B E:\ben\rpg\templates\members_view_memberbit.htm <-- gaming-honor /httpdocs/rpg/templates members_view_memberbit.htm
2002.10.04 21:55 B E:\ben\rpg\templates\navichain.htm <-- gaming-honor /httpdocs/rpg/templates navichain.htm
2002.10.04 21:55 B E:\ben\rpg\templates\nobattle.htm <-- gaming-honor /httpdocs/rpg/templates nobattle.htm
2002.10.04 21:55 B E:\ben\rpg\templates\note1.htm <-- gaming-honor /httpdocs/rpg/templates note1.htm
2002.10.04 21:55 B E:\ben\rpg\templates\note2.htm <-- gaming-honor /httpdocs/rpg/templates note2.htm
2002.10.04 21:55 B E:\ben\rpg\templates\notloggedon.htm <-- gaming-honor /httpdocs/rpg/templates notloggedon.htm
2002.10.04 21:55 B E:\ben\rpg\templates\profile_avatar_choice.htm <-- gaming-honor /httpdocs/rpg/templates profile_avatar_choice.htm
2002.10.04 21:55 B E:\ben\rpg\templates\profile_avatar_useown.htm <-- gaming-honor /httpdocs/rpg/templates profile_avatar_useown.htm
2002.10.04 21:55 B E:\ben\rpg\templates\profile_avatars.htm <-- gaming-honor /httpdocs/rpg/templates profile_avatars.htm
2002.10.04 21:55 B E:\ben\rpg\templates\profile_boardbit.htm <-- gaming-honor /httpdocs/rpg/templates profile_boardbit.htm
2002.10.04 21:55 B E:\ben\rpg\templates\profile_buddy.htm <-- gaming-honor /httpdocs/rpg/templates profile_buddy.htm
2002.10.04 21:55 B E:\ben\rpg\templates\profile_changepw.htm <-- gaming-honor /httpdocs/rpg/templates profile_changepw.htm
2002.10.04 21:55 B E:\ben\rpg\templates\profile_editoptions.htm <-- gaming-honor /httpdocs/rpg/templates profile_editoptions.htm
2002.10.04 21:55 B E:\ben\rpg\templates\profile_editprofile.htm <-- gaming-honor /httpdocs/rpg/templates profile_editprofile.htm
2002.10.04 21:55 B E:\ben\rpg\templates\profile_editsignature.htm <-- gaming-honor /httpdocs/rpg/templates profile_editsignature.htm
2002.10.04 21:55 B E:\ben\rpg\templates\profile_extra.htm <-- gaming-honor /httpdocs/rpg/templates profile_extra.htm
2002.10.04 21:55 B E:\ben\rpg\templates\profile_female.htm <-- gaming-honor /httpdocs/rpg/templates profile_female.htm
2002.10.04 21:55 B E:\ben\rpg\templates\profile_ignore.htm <-- gaming-honor /httpdocs/rpg/templates profile_ignore.htm
2002.10.04 21:55 B E:\ben\rpg\templates\profile_main.htm <-- gaming-honor /httpdocs/rpg/templates profile_main.htm
2002.10.04 21:55 B E:\ben\rpg\templates\profile_male.htm <-- gaming-honor /httpdocs/rpg/templates profile_male.htm
2002.10.04 21:55 B E:\ben\rpg\templates\profile_nodeclaration.htm <-- gaming-honor /httpdocs/rpg/templates profile_nodeclaration.htm
2002.10.04 21:55 B E:\ben\rpg\templates\profile_old_signature.htm <-- gaming-honor /httpdocs/rpg/templates profile_old_signature.htm
2002.10.04 21:55 B E:\ben\rpg\templates\profile_pmlink.htm <-- gaming-honor /httpdocs/rpg/templates profile_pmlink.htm
2002.10.04 21:55 B E:\ben\rpg\templates\profile_preview_signature.htm <-- gaming-honor /httpdocs/rpg/templates profile_preview_signature.htm
2002.10.04 21:55 B E:\ben\rpg\templates\profile_subscripe.htm <-- gaming-honor /httpdocs/rpg/templates profile_subscripe.htm
2002.10.04 21:55 B E:\ben\rpg\templates\profile_subscripe_board.htm <-- gaming-honor /httpdocs/rpg/templates profile_subscripe_board.htm
2002.10.04 21:55 B E:\ben\rpg\templates\profile_subscripe_delboard.htm <-- gaming-honor /httpdocs/rpg/templates profile_subscripe_delboard.htm
2002.10.04 21:55 B E:\ben\rpg\templates\profile_subscripe_delthread.htm <-- gaming-honor /httpdocs/rpg/templates profile_subscripe_delthread.htm
2002.10.04 21:55 B E:\ben\rpg\templates\profile_subscripe_thread.htm <-- gaming-honor /httpdocs/rpg/templates profile_subscripe_thread.htm
2002.10.04 21:55 B E:\ben\rpg\templates\quickmod.htm <-- gaming-honor /httpdocs/rpg/templates quickmod.htm
2002.10.04 21:55 B E:\ben\rpg\templates\reg_mail.htm <-- gaming-honor /httpdocs/rpg/templates reg_mail.htm
2002.10.04 21:55 B E:\ben\rpg\templates\reg_mail_betreff.htm <-- gaming-honor /httpdocs/rpg/templates reg_mail_betreff.htm
2002.10.04 21:55 B E:\ben\rpg\templates\reg_mail_notifybetreff.htm <-- gaming-honor /httpdocs/rpg/templates reg_mail_notifybetreff.htm
2002.10.04 21:55 B E:\ben\rpg\templates\reg_notifymail.htm <-- gaming-honor /httpdocs/rpg/templates reg_notifymail.htm
2002.10.04 21:55 B E:\ben\rpg\templates\register-class.htm <-- gaming-honor /httpdocs/rpg/templates register-class.htm
2002.10.04 21:55 B E:\ben\rpg\templates\register.htm <-- gaming-honor /httpdocs/rpg/templates register.htm
2002.10.04 21:55 B E:\ben\rpg\templates\register_error1.htm <-- gaming-honor /httpdocs/rpg/templates register_error1.htm
2002.10.04 21:55 B E:\ben\rpg\templates\register_error2.htm <-- gaming-honor /httpdocs/rpg/templates register_error2.htm
2002.10.04 21:55 B E:\ben\rpg\templates\register_error3.htm <-- gaming-honor /httpdocs/rpg/templates register_error3.htm
2002.10.04 21:55 B E:\ben\rpg\templates\register_note1.htm <-- gaming-honor /httpdocs/rpg/templates register_note1.htm
2002.10.04 21:55 B E:\ben\rpg\templates\register_note2.htm <-- gaming-honor /httpdocs/rpg/templates register_note2.htm
2002.10.04 21:55 B E:\ben\rpg\templates\register_note3.htm <-- gaming-honor /httpdocs/rpg/templates register_note3.htm
2002.10.04 21:55 B E:\ben\rpg\templates\registration_disable.htm <-- gaming-honor /httpdocs/rpg/templates registration_disable.htm
2002.10.04 21:55 B E:\ben\rpg\templates\resurrect.htm <-- gaming-honor /httpdocs/rpg/templates resurrect.htm
2002.10.04 21:55 B E:\ben\rpg\templates\shield_shop.htm <-- gaming-honor /httpdocs/rpg/templates shield_shop.htm
2002.10.04 21:55 B E:\ben\rpg\templates\shield_shopbit.htm <-- gaming-honor /httpdocs/rpg/templates shield_shopbit.htm
2002.10.04 21:55 B E:\ben\rpg\templates\shop_closed.htm <-- gaming-honor /httpdocs/rpg/templates shop_closed.htm
2002.10.04 21:55 B E:\ben\rpg\templates\shop_ride.htm <-- gaming-honor /httpdocs/rpg/templates shop_ride.htm
2002.10.04 21:55 B E:\ben\rpg\templates\shoperror_ride.htm <-- gaming-honor /httpdocs/rpg/templates shoperror_ride.htm
2002.10.04 21:55 B E:\ben\rpg\templates\smallitem_shop.htm <-- gaming-honor /httpdocs/rpg/templates smallitem_shop.htm
2002.10.04 21:56 B E:\ben\rpg\templates\smallitem_shopbit.htm <-- gaming-honor /httpdocs/rpg/templates smallitem_shopbit.htm
2002.10.04 21:56 B E:\ben\rpg\templates\special_deal.htm <-- gaming-honor /httpdocs/rpg/templates special_deal.htm
2002.10.04 21:56 B E:\ben\rpg\templates\special_dealbit.htm <-- gaming-honor /httpdocs/rpg/templates special_dealbit.htm
2002.10.04 21:56 B E:\ben\rpg\templates\specialitem_shop.htm <-- gaming-honor /httpdocs/rpg/templates specialitem_shop.htm
2002.10.04 21:56 B E:\ben\rpg\templates\specialitem_shopbit.htm <-- gaming-honor /httpdocs/rpg/templates specialitem_shopbit.htm
2002.10.04 21:56 B E:\ben\rpg\templates\thread_email.htm <-- gaming-honor /httpdocs/rpg/templates thread_email.htm
2002.10.04 21:56 B E:\ben\rpg\templates\thread_pm.htm <-- gaming-honor /httpdocs/rpg/templates thread_pm.htm
2002.10.04 21:56 B E:\ben\rpg\templates\TMPgohm4zthhx.htm <-- gaming-honor /httpdocs/rpg/templates TMPgohm4zthhx.htm
2002.10.04 21:56 B E:\ben\rpg\templates\validistrue.htm <-- gaming-honor /httpdocs/rpg/templates validistrue.htm
2002.10.04 21:56 B E:\ben\rpg\templates\wait.htm <-- gaming-honor /httpdocs/rpg/templates wait.htm
2002.10.04 21:56 B E:\ben\rpg\templates\waiting.htm <-- gaming-honor /httpdocs/rpg/templates waiting.htm
2002.10.04 21:56 B E:\ben\rpg\templates\waiting2.htm <-- gaming-honor /httpdocs/rpg/templates waiting2.htm
2002.10.04 21:56 B E:\ben\rpg\templates\waitingforbattle.htm <-- gaming-honor /httpdocs/rpg/templates waitingforbattle.htm
2002.10.04 21:56 B E:\ben\rpg\templates\weapon_shop.htm <-- gaming-honor /httpdocs/rpg/templates weapon_shop.htm
2002.10.04 21:56 B E:\ben\rpg\templates\weapon_shopbit.htm <-- gaming-honor /httpdocs/rpg/templates weapon_shopbit.htm
2002.10.04 21:56 B E:\ben\rpg\templates\yourawinner.htm <-- gaming-honor /httpdocs/rpg/templates yourawinner.htm
2002.10.04 22:25 B E:\ben\rpg\templates\arena.htm --> ftp.gaming-honor.com /httpdocs/rpg/templates arena.htm
2002.10.04 22:39 B E:\ben\rpg\templates\test_attack.htm --> ftp.gaming-honor.com /httpdocs/rpg/templates test_attack.htm
2002.10.04 23:51 B E:\ben\rpg\templates\header.htm --> ftp.gaming-honor.com /httpdocs/rpg/templates header.htm
2002.10.05 16:24 B E:\ben\rpg\templates\arena.htm --> ftp.gaming-honor.com /httpdocs/rpg/templates arena.htm
2002.10.05 16:24 B E:\ben\rpg\templates\arena_me.htm --> ftp.gaming-honor.com /httpdocs/rpg/templates arena_me.htm
2002.10.05 16:24 B E:\ben\rpg\templates\arena_new.htm --> ftp.gaming-honor.com /httpdocs/rpg/templates arena_new.htm
2002.10.05 16:24 B E:\ben\rpg\templates\arena_you.htm --> ftp.gaming-honor.com /httpdocs/rpg/templates arena_you.htm
2002.10.05 16:33 B E:\ben\rpg\templates\arena.php --> ftp.gaming-honor.com /httpdocs/rpg arena.php
2002.10.05 16:56 B E:\ben\rpg\templates\arena.htm --> ftp.gaming-honor.com /httpdocs/rpg/templates arena.htm
2002.10.05 16:56 B E:\ben\rpg\templates\arena_new.htm --> ftp.gaming-honor.com /httpdocs/rpg/templates arena_new.htm
2002.10.05 17:20 B E:\ben\rpg\templates\arena_new.htm --> ftp.gaming-honor.com /httpdocs/rpg/templates arena_new.htm
2002.10.05 17:30 B E:\ben\rpg\templates\arena_new.htm --> ftp.gaming-honor.com /httpdocs/rpg/templates arena_new.htm
2002.10.05 17:31 B E:\ben\rpg\templates\arena_new.htm --> ftp.gaming-honor.com /httpdocs/rpg/templates arena_new.htm
2002.10.05 17:31 B E:\ben\rpg\templates\arena_new.htm --> ftp.gaming-honor.com /httpdocs/rpg/templates arena_new.htm
2002.10.05 17:32 B E:\ben\rpg\templates\arena_new.htm --> ftp.gaming-honor.com /httpdocs/rpg/templates arena_new.htm
2002.10.05 17:46 B E:\ben\rpg\templates\arena_new.htm --> ftp.gaming-honor.com /httpdocs/rpg/templates arena_new.htm
2002.10.05 17:58 B E:\ben\rpg\templates\arena_new.htm --> ftp.gaming-honor.com /httpdocs/rpg/templates arena_new.htm
2002.10.05 17:58 B E:\ben\rpg\templates\arena_new.htm --> ftp.gaming-honor.com /httpdocs/rpg/templates arena_new.htm
2002.10.05 18:00 B E:\ben\rpg\templates\arena_new.htm --> ftp.gaming-honor.com /httpdocs/rpg/templates arena_new.htm
2002.10.05 18:01 B E:\ben\rpg\templates\arena_new.htm --> ftp.gaming-honor.com /httpdocs/rpg/templates arena_new.htm
2002.10.05 18:03 B E:\ben\rpg\templates\arena_new.htm --> ftp.gaming-honor.com /httpdocs/rpg/templates arena_new.htm
2002.10.05 18:04 B E:\ben\rpg\templates\arena_new.htm --> ftp.gaming-honor.com /httpdocs/rpg/templates arena_new.htm
2002.10.05 19:08 B E:\ben\rpg\templates\arena_new.htm --> ftp.gaming-honor.com /httpdocs/rpg/templates arena_new.htm
