2002.08.09 16:54 B c:\newswp\SiteWorksPro\about.php --> siteworkspro.com /htdocs/www/demo about.php
2002.08.09 16:54 B c:\newswp\SiteWorksPro\articles.php --> siteworkspro.com /htdocs/www/demo articles.php
2002.08.09 16:54 B c:\newswp\SiteWorksPro\authors.php --> siteworkspro.com /htdocs/www/demo authors.php
2002.08.09 16:54 B c:\newswp\SiteWorksPro\blank.gif --> siteworkspro.com /htdocs/www/demo blank.gif
2002.08.09 16:54 B c:\newswp\SiteWorksPro\books.php --> siteworkspro.com /htdocs/www/demo books.php
2002.08.09 16:54 B c:\newswp\SiteWorksPro\contact.php --> siteworkspro.com /htdocs/www/demo contact.php
2002.08.09 16:54 B c:\newswp\SiteWorksPro\imageview.php --> siteworkspro.com /htdocs/www/demo imageview.php
2002.08.09 16:54 B c:\newswp\SiteWorksPro\index.php --> siteworkspro.com /htdocs/www/demo index.php
2002.08.09 16:54 B c:\newswp\SiteWorksPro\news.php --> siteworkspro.com /htdocs/www/demo news.php
2002.08.09 16:54 B c:\newswp\SiteWorksPro\newsletter.php --> siteworkspro.com /htdocs/www/demo newsletter.php
2002.08.09 16:54 B c:\newswp\SiteWorksPro\poll.php --> siteworkspro.com /htdocs/www/demo poll.php
2002.08.09 16:54 B c:\newswp\SiteWorksPro\popupnl.php --> siteworkspro.com /htdocs/www/demo popupnl.php
2002.08.09 16:54 B c:\newswp\SiteWorksPro\printpage.php --> siteworkspro.com /htdocs/www/demo printpage.php
2002.08.09 16:54 B c:\newswp\SiteWorksPro\privacy.php --> siteworkspro.com /htdocs/www/demo privacy.php
2002.08.09 16:54 B c:\newswp\SiteWorksPro\rate.php --> siteworkspro.com /htdocs/www/demo rate.php
2002.08.09 16:54 B c:\newswp\SiteWorksPro\rss.php --> siteworkspro.com /htdocs/www/demo rss.php
2002.08.09 16:54 B c:\newswp\SiteWorksPro\search.php --> siteworkspro.com /htdocs/www/demo search.php
2002.08.09 16:54 B c:\newswp\SiteWorksPro\sitemap.php --> siteworkspro.com /htdocs/www/demo sitemap.php
2002.08.09 16:54 B c:\newswp\SiteWorksPro\supportfile.php --> siteworkspro.com /htdocs/www/demo supportfile.php
2002.08.09 16:54 B c:\newswp\SiteWorksPro\topics.php --> siteworkspro.com /htdocs/www/demo topics.php
2002.09.09 12:46 B c:\newswp\SiteWorksPro\about.php --> www.bday.org /httpdocs about.php
2002.09.09 12:46 B c:\newswp\SiteWorksPro\articles.php --> www.bday.org /httpdocs articles.php
2002.09.09 12:46 B c:\newswp\SiteWorksPro\authors.php --> www.bday.org /httpdocs authors.php
2002.09.09 12:46 B c:\newswp\SiteWorksPro\blank.gif --> www.bday.org /httpdocs blank.gif
2002.09.09 12:46 B c:\newswp\SiteWorksPro\books.php --> www.bday.org /httpdocs books.php
2002.09.09 12:46 B c:\newswp\SiteWorksPro\contact.php --> www.bday.org /httpdocs contact.php
2002.09.09 12:46 B c:\newswp\SiteWorksPro\imageview.php --> www.bday.org /httpdocs imageview.php
2002.09.09 12:46 B c:\newswp\SiteWorksPro\index.php --> www.bday.org /httpdocs index.php
2002.09.09 12:46 B c:\newswp\SiteWorksPro\news.php --> www.bday.org /httpdocs news.php
2002.09.09 12:46 B c:\newswp\SiteWorksPro\newsletter.php --> www.bday.org /httpdocs newsletter.php
2002.09.09 12:46 B c:\newswp\SiteWorksPro\poll.php --> www.bday.org /httpdocs poll.php
2002.09.09 12:46 B c:\newswp\SiteWorksPro\popupnl.php --> www.bday.org /httpdocs popupnl.php
2002.09.09 12:47 B c:\newswp\SiteWorksPro\printpage.php --> www.bday.org /httpdocs printpage.php
2002.09.09 12:47 B c:\newswp\SiteWorksPro\privacy.php --> www.bday.org /httpdocs privacy.php
2002.09.09 12:47 B c:\newswp\SiteWorksPro\rate.php --> www.bday.org /httpdocs rate.php
2002.09.09 12:47 B c:\newswp\SiteWorksPro\rss.php --> www.bday.org /httpdocs rss.php
2002.09.09 12:47 B c:\newswp\SiteWorksPro\search.php --> www.bday.org /httpdocs search.php
2002.09.09 12:47 B c:\newswp\SiteWorksPro\sitemap.php --> www.bday.org /httpdocs sitemap.php
2002.09.09 12:47 B c:\newswp\SiteWorksPro\supportfile.php --> www.bday.org /httpdocs supportfile.php
2002.09.09 12:47 B c:\newswp\SiteWorksPro\topics.php --> www.bday.org /httpdocs topics.php
