2002.09.15 19:49 B E:\ben\music\battle1.mid --> ftp.gaming-honor.com /httpdocs/dwfrpg/rpg/battle_music battle1.mid
2002.09.15 19:50 B E:\ben\music\battle1.mid --> ftp.gaming-honor.com /httpdocs/rpg/battle_music battle1.mid
2002.09.15 19:50 B E:\ben\music\shop.mid <-- gaming-honor /httpdocs/dwfrpg/rpg/battle_music shop.mid
2002.09.15 19:50 B E:\ben\music\battle1.mid --> ftp.gaming-honor.com /httpdocs/rpg/battle_music battle1.mid
2002.09.15 19:50 B E:\ben\music\battle10.mid --> ftp.gaming-honor.com /httpdocs/rpg/battle_music battle10.mid
2002.09.15 19:50 B E:\ben\music\battle11.mid --> ftp.gaming-honor.com /httpdocs/rpg/battle_music battle11.mid
2002.09.15 19:50 B E:\ben\music\battle12.mid --> ftp.gaming-honor.com /httpdocs/rpg/battle_music battle12.mid
2002.09.15 19:50 B E:\ben\music\battle2.mid --> ftp.gaming-honor.com /httpdocs/rpg/battle_music battle2.mid
2002.09.15 19:50 B E:\ben\music\battle3.mid --> ftp.gaming-honor.com /httpdocs/rpg/battle_music battle3.mid
2002.09.15 19:50 B E:\ben\music\battle4.mid --> ftp.gaming-honor.com /httpdocs/rpg/battle_music battle4.mid
2002.09.15 19:50 B E:\ben\music\battle5.mid --> ftp.gaming-honor.com /httpdocs/rpg/battle_music battle5.mid
2002.09.15 19:50 B E:\ben\music\battle6.mid --> ftp.gaming-honor.com /httpdocs/rpg/battle_music battle6.mid
2002.09.15 19:50 B E:\ben\music\battle7.mid --> ftp.gaming-honor.com /httpdocs/rpg/battle_music battle7.mid
2002.09.15 19:50 B E:\ben\music\battle8.mid --> ftp.gaming-honor.com /httpdocs/rpg/battle_music battle8.mid
2002.09.15 19:50 B E:\ben\music\battle9.mid --> ftp.gaming-honor.com /httpdocs/rpg/battle_music battle9.mid
2002.09.15 19:50 B E:\ben\music\done.mid --> ftp.gaming-honor.com /httpdocs/rpg/battle_music done.mid
2002.09.15 19:50 B E:\ben\music\entrance.mid --> ftp.gaming-honor.com /httpdocs/rpg/battle_music entrance.mid
2002.09.15 19:50 B E:\ben\music\lobby.mid --> ftp.gaming-honor.com /httpdocs/rpg/battle_music lobby.mid
2002.09.15 19:50 B E:\ben\music\shop.mid --> ftp.gaming-honor.com /httpdocs/rpg/battle_music shop.mid
2002.10.04 21:53 B E:\ben\rpg\battle_music\WS_FTP.LOG <-- gaming-honor /httpdocs/rpg/battle_music WS_FTP.LOG
