2001.02.03 23:56 B C:\Scripts\Realtor\images\button_about.gif --> amereco.org /public_html/temp/rm/images button_about.gif
2001.02.03 23:56 B C:\Scripts\Realtor\images\button_add.gif --> amereco.org /public_html/temp/rm/images button_add.gif
2001.02.03 23:56 B C:\Scripts\Realtor\images\button_cancel.gif --> amereco.org /public_html/temp/rm/images button_cancel.gif
2001.02.03 23:56 B C:\Scripts\Realtor\images\button_erase.gif --> amereco.org /public_html/temp/rm/images button_erase.gif
2001.02.03 23:56 B C:\Scripts\Realtor\images\button_listall.gif --> amereco.org /public_html/temp/rm/images button_listall.gif
2001.02.03 23:57 B C:\Scripts\Realtor\images\button_login.gif --> amereco.org /public_html/temp/rm/images button_login.gif
2001.02.03 23:57 B C:\Scripts\Realtor\images\button_ok.gif --> amereco.org /public_html/temp/rm/images button_ok.gif
2001.02.03 23:57 B C:\Scripts\Realtor\images\button_reset.gif --> amereco.org /public_html/temp/rm/images button_reset.gif
2001.02.03 23:57 B C:\Scripts\Realtor\images\button_save.gif --> amereco.org /public_html/temp/rm/images button_save.gif
2001.02.03 23:57 B C:\Scripts\Realtor\images\button_upload.gif --> amereco.org /public_html/temp/rm/images button_upload.gif
2001.02.03 23:57 B C:\Scripts\Realtor\images\help.gif --> amereco.org /public_html/temp/rm/images help.gif
2001.02.03 23:57 B C:\Scripts\Realtor\images\sample_image.jpg --> amereco.org /public_html/temp/rm/images sample_image.jpg
2001.02.03 23:57 B C:\Scripts\Realtor\images\spacer.gif --> amereco.org /public_html/temp/rm/images spacer.gif
2001.02.03 23:57 B C:\Scripts\Realtor\images\splash_image.jpg --> amereco.org /public_html/temp/rm/images splash_image.jpg
2001.02.03 23:57 B C:\Scripts\Realtor\images\splash_image_blank.gif --> amereco.org /public_html/temp/rm/images splash_image_blank.gif
2001.02.03 23:57 B C:\Scripts\Realtor\images\splash_ne.gif --> amereco.org /public_html/temp/rm/images splash_ne.gif
2001.02.03 23:57 B C:\Scripts\Realtor\images\splash_nnw.gif --> amereco.org /public_html/temp/rm/images splash_nnw.gif
2001.02.03 23:57 B C:\Scripts\Realtor\images\splash_nw.gif --> amereco.org /public_html/temp/rm/images splash_nw.gif
2001.02.03 23:57 B C:\Scripts\Realtor\images\window_bg.gif --> amereco.org /public_html/temp/rm/images window_bg.gif
2001.02.03 23:57 B C:\Scripts\Realtor\images\window_buttons.gif --> amereco.org /public_html/temp/rm/images window_buttons.gif
2001.02.03 23:57 B C:\Scripts\Realtor\images\window_ne.gif --> amereco.org /public_html/temp/rm/images window_ne.gif
2001.02.03 23:57 B C:\Scripts\Realtor\images\window_nw.gif --> amereco.org /public_html/temp/rm/images window_nw.gif
2001.02.03 23:57 B C:\Scripts\Realtor\images\window_nw2.gif --> amereco.org /public_html/temp/rm/images window_nw2.gif
2001.02.03 23:57 B C:\Scripts\Realtor\images\window_se.gif --> amereco.org /public_html/temp/rm/images window_se.gif
2001.02.03 23:57 B C:\Scripts\Realtor\images\window_sw.gif --> amereco.org /public_html/temp/rm/images window_sw.gif
2001.02.03 23:57 B C:\Scripts\Realtor\images\window_sw2.gif --> amereco.org /public_html/temp/rm/images window_sw2.gif
2001.02.04 17:11 B C:\Scripts\Realtor\images\button_about.gif --> ftp.portland.co.uk /rm/images button_about.gif
2001.02.04 17:12 B C:\Scripts\Realtor\images\button_add.gif --> ftp.portland.co.uk /rm/images button_add.gif
2001.02.04 17:12 B C:\Scripts\Realtor\images\button_cancel.gif --> ftp.portland.co.uk /rm/images button_cancel.gif
2001.02.04 17:12 B C:\Scripts\Realtor\images\button_erase.gif --> ftp.portland.co.uk /rm/images button_erase.gif
2001.02.04 17:13 B C:\Scripts\Realtor\images\button_listall.gif --> ftp.portland.co.uk /rm/images button_listall.gif
2001.02.04 17:13 B C:\Scripts\Realtor\images\button_login.gif --> ftp.portland.co.uk /rm/images button_login.gif
2001.02.04 17:14 B C:\Scripts\Realtor\images\button_ok.gif --> ftp.portland.co.uk /rm/images button_ok.gif
2001.02.04 17:14 B C:\Scripts\Realtor\images\button_reset.gif --> ftp.portland.co.uk /rm/images button_reset.gif
2001.02.04 17:14 B C:\Scripts\Realtor\images\button_save.gif --> ftp.portland.co.uk /rm/images button_save.gif
2001.02.04 17:15 B C:\Scripts\Realtor\images\button_upload.gif --> ftp.portland.co.uk /rm/images button_upload.gif
2001.02.04 17:15 B C:\Scripts\Realtor\images\help.gif --> ftp.portland.co.uk /rm/images help.gif
2001.02.04 17:16 B C:\Scripts\Realtor\images\sample_image.jpg --> ftp.portland.co.uk /rm/images sample_image.jpg
2001.02.04 17:16 B C:\Scripts\Realtor\images\spacer.gif --> ftp.portland.co.uk /rm/images spacer.gif
2001.02.04 17:17 B C:\Scripts\Realtor\images\splash_image.jpg --> ftp.portland.co.uk /rm/images splash_image.jpg
2001.02.04 17:17 B C:\Scripts\Realtor\images\splash_image_blank.gif --> ftp.portland.co.uk /rm/images splash_image_blank.gif
2001.02.04 17:17 B C:\Scripts\Realtor\images\splash_ne.gif --> ftp.portland.co.uk /rm/images splash_ne.gif
2001.02.04 17:18 B C:\Scripts\Realtor\images\splash_nnw.gif --> ftp.portland.co.uk /rm/images splash_nnw.gif
2001.02.04 17:18 B C:\Scripts\Realtor\images\splash_nw.gif --> ftp.portland.co.uk /rm/images splash_nw.gif
2001.02.04 17:18 B C:\Scripts\Realtor\images\window_bg.gif --> ftp.portland.co.uk /rm/images window_bg.gif
2001.02.04 17:19 B C:\Scripts\Realtor\images\window_buttons.gif --> ftp.portland.co.uk /rm/images window_buttons.gif
2001.02.04 17:19 B C:\Scripts\Realtor\images\window_ne.gif --> ftp.portland.co.uk /rm/images window_ne.gif
2001.02.04 17:20 B C:\Scripts\Realtor\images\window_nw.gif --> ftp.portland.co.uk /rm/images window_nw.gif
2001.02.04 17:20 B C:\Scripts\Realtor\images\window_nw2.gif --> ftp.portland.co.uk /rm/images window_nw2.gif
2001.02.04 17:20 B C:\Scripts\Realtor\images\window_se.gif --> ftp.portland.co.uk /rm/images window_se.gif
2001.02.04 17:21 B C:\Scripts\Realtor\images\window_sw.gif --> ftp.portland.co.uk /rm/images window_sw.gif
2001.02.04 17:21 B C:\Scripts\Realtor\images\window_sw2.gif --> ftp.portland.co.uk /rm/images window_sw2.gif
2001.02.04 17:22 B C:\Scripts\Realtor\images\WS_FTP.LOG --> ftp.portland.co.uk /rm/images WS_FTP.LOG
2001.02.04 17:40 B C:\Scripts\Realtor\images\button_about.gif --> realtynet.virtualave.net /public_html/rm/images button_about.gif
2001.02.04 17:40 B C:\Scripts\Realtor\images\button_add.gif --> realtynet.virtualave.net /public_html/rm/images button_add.gif
2001.02.04 17:40 B C:\Scripts\Realtor\images\button_cancel.gif --> realtynet.virtualave.net /public_html/rm/images button_cancel.gif
2001.02.04 17:40 B C:\Scripts\Realtor\images\button_erase.gif --> realtynet.virtualave.net /public_html/rm/images button_erase.gif
2001.02.04 17:40 B C:\Scripts\Realtor\images\button_listall.gif --> realtynet.virtualave.net /public_html/rm/images button_listall.gif
2001.02.04 17:40 B C:\Scripts\Realtor\images\button_login.gif --> realtynet.virtualave.net /public_html/rm/images button_login.gif
2001.02.04 17:40 B C:\Scripts\Realtor\images\button_ok.gif --> realtynet.virtualave.net /public_html/rm/images button_ok.gif
2001.02.04 17:40 B C:\Scripts\Realtor\images\button_reset.gif --> realtynet.virtualave.net /public_html/rm/images button_reset.gif
2001.02.04 17:40 B C:\Scripts\Realtor\images\button_save.gif --> realtynet.virtualave.net /public_html/rm/images button_save.gif
2001.02.04 17:40 B C:\Scripts\Realtor\images\button_upload.gif --> realtynet.virtualave.net /public_html/rm/images button_upload.gif
2001.02.04 17:41 B C:\Scripts\Realtor\images\help.gif --> realtynet.virtualave.net /public_html/rm/images help.gif
2001.02.04 17:41 B C:\Scripts\Realtor\images\sample_image.jpg --> realtynet.virtualave.net /public_html/rm/images sample_image.jpg
2001.02.04 17:41 B C:\Scripts\Realtor\images\spacer.gif --> realtynet.virtualave.net /public_html/rm/images spacer.gif
2001.02.04 17:41 B C:\Scripts\Realtor\images\splash_image.jpg --> realtynet.virtualave.net /public_html/rm/images splash_image.jpg
2001.02.04 17:41 B C:\Scripts\Realtor\images\splash_image_blank.gif --> realtynet.virtualave.net /public_html/rm/images splash_image_blank.gif
2001.02.04 17:41 B C:\Scripts\Realtor\images\splash_ne.gif --> realtynet.virtualave.net /public_html/rm/images splash_ne.gif
2001.02.04 17:41 B C:\Scripts\Realtor\images\splash_nnw.gif --> realtynet.virtualave.net /public_html/rm/images splash_nnw.gif
2001.02.04 17:41 B C:\Scripts\Realtor\images\splash_nw.gif --> realtynet.virtualave.net /public_html/rm/images splash_nw.gif
2001.02.04 17:41 B C:\Scripts\Realtor\images\window_bg.gif --> realtynet.virtualave.net /public_html/rm/images window_bg.gif
2001.02.04 17:41 B C:\Scripts\Realtor\images\window_buttons.gif --> realtynet.virtualave.net /public_html/rm/images window_buttons.gif
2001.02.04 17:41 B C:\Scripts\Realtor\images\window_ne.gif --> realtynet.virtualave.net /public_html/rm/images window_ne.gif
2001.02.04 17:41 B C:\Scripts\Realtor\images\window_nw.gif --> realtynet.virtualave.net /public_html/rm/images window_nw.gif
2001.02.04 17:41 B C:\Scripts\Realtor\images\window_nw2.gif --> realtynet.virtualave.net /public_html/rm/images window_nw2.gif
2001.02.04 17:41 B C:\Scripts\Realtor\images\window_se.gif --> realtynet.virtualave.net /public_html/rm/images window_se.gif
2001.02.04 17:41 B C:\Scripts\Realtor\images\window_sw.gif --> realtynet.virtualave.net /public_html/rm/images window_sw.gif
2001.02.04 17:41 B C:\Scripts\Realtor\images\window_sw2.gif --> realtynet.virtualave.net /public_html/rm/images window_sw2.gif
2001.02.04 17:41 B C:\Scripts\Realtor\images\WS_FTP.LOG --> realtynet.virtualave.net /public_html/rm/images WS_FTP.LOG
