2000.08.06 15:12 A C:\unzipped\tt-s-mad\tts\cgi\src\tts-in-real.c --> gw.gtaplus.com /usr/local/webs/gta/gw/cgi-bin/tts/cgi/src tts-in-real.c
2000.08.06 15:13 A C:\unzipped\tt-s-mad\tts\cgi\src\tts-in-real.cgi --> gw.gtaplus.com /usr/local/webs/gta/gw/cgi-bin/tts/cgi/src tts-in-real.cgi
2000.08.06 15:13 A C:\unzipped\tt-s-mad\tts\cgi\src\tts-in-real.o --> gw.gtaplus.com /usr/local/webs/gta/gw/cgi-bin/tts/cgi/src tts-in-real.o
2000.08.06 15:13 A C:\unzipped\tt-s-mad\tts\cgi\src\tts-in.c --> gw.gtaplus.com /usr/local/webs/gta/gw/cgi-bin/tts/cgi/src tts-in.c
2000.08.06 15:13 A C:\unzipped\tt-s-mad\tts\cgi\src\tts-in.cgi --> gw.gtaplus.com /usr/local/webs/gta/gw/cgi-bin/tts/cgi/src tts-in.cgi
2000.08.06 15:13 A C:\unzipped\tt-s-mad\tts\cgi\src\tts-in.dsp --> gw.gtaplus.com /usr/local/webs/gta/gw/cgi-bin/tts/cgi/src tts-in.dsp
2000.08.06 15:13 A C:\unzipped\tt-s-mad\tts\cgi\src\tts-in.dsw --> gw.gtaplus.com /usr/local/webs/gta/gw/cgi-bin/tts/cgi/src tts-in.dsw
2000.08.06 15:13 A C:\unzipped\tt-s-mad\tts\cgi\src\tts-in.ncb --> gw.gtaplus.com /usr/local/webs/gta/gw/cgi-bin/tts/cgi/src tts-in.ncb
2000.08.06 15:13 A C:\unzipped\tt-s-mad\tts\cgi\src\tts-in.o --> gw.gtaplus.com /usr/local/webs/gta/gw/cgi-bin/tts/cgi/src tts-in.o
2000.08.06 15:14 A C:\unzipped\tt-s-mad\tts\cgi\src\tts-in.opt --> gw.gtaplus.com /usr/local/webs/gta/gw/cgi-bin/tts/cgi/src tts-in.opt
2000.08.06 15:14 A C:\unzipped\tt-s-mad\tts\cgi\src\tts-in.plg --> gw.gtaplus.com /usr/local/webs/gta/gw/cgi-bin/tts/cgi/src tts-in.plg
2000.08.06 15:14 A C:\unzipped\tt-s-mad\tts\cgi\src\tts-in2.c --> gw.gtaplus.com /usr/local/webs/gta/gw/cgi-bin/tts/cgi/src tts-in2.c
2000.08.06 15:14 A C:\unzipped\tt-s-mad\tts\cgi\src\tts-in2.cgi --> gw.gtaplus.com /usr/local/webs/gta/gw/cgi-bin/tts/cgi/src tts-in2.cgi
2000.08.06 15:14 A C:\unzipped\tt-s-mad\tts\cgi\src\tts-in2.o --> gw.gtaplus.com /usr/local/webs/gta/gw/cgi-bin/tts/cgi/src tts-in2.o
2000.08.06 15:14 A C:\unzipped\tt-s-mad\tts\cgi\src\tts-join.cgi --> gw.gtaplus.com /usr/local/webs/gta/gw/cgi-bin/tts/cgi/src tts-join.cgi
2000.08.06 15:14 A C:\unzipped\tt-s-mad\tts\cgi\src\tts-master.cgi --> gw.gtaplus.com /usr/local/webs/gta/gw/cgi-bin/tts/cgi/src tts-master.cgi
2000.08.06 15:15 A C:\unzipped\tt-s-mad\tts\cgi\src\tts-member.cgi --> gw.gtaplus.com /usr/local/webs/gta/gw/cgi-bin/tts/cgi/src tts-member.cgi
2000.08.06 15:15 A C:\unzipped\tt-s-mad\tts\cgi\src\tts-out.c --> gw.gtaplus.com /usr/local/webs/gta/gw/cgi-bin/tts/cgi/src tts-out.c
2000.08.06 15:15 A C:\unzipped\tt-s-mad\tts\cgi\src\tts-out.cgi --> gw.gtaplus.com /usr/local/webs/gta/gw/cgi-bin/tts/cgi/src tts-out.cgi
2000.08.06 15:15 A C:\unzipped\tt-s-mad\tts\cgi\src\tts-out.o --> gw.gtaplus.com /usr/local/webs/gta/gw/cgi-bin/tts/cgi/src tts-out.o
2000.08.06 15:15 A C:\unzipped\tt-s-mad\tts\cgi\src\tts-refin.c --> gw.gtaplus.com /usr/local/webs/gta/gw/cgi-bin/tts/cgi/src tts-refin.c
2000.08.06 15:15 A C:\unzipped\tt-s-mad\tts\cgi\src\tts-refin.cgi --> gw.gtaplus.com /usr/local/webs/gta/gw/cgi-bin/tts/cgi/src tts-refin.cgi
2000.08.06 15:15 A C:\unzipped\tt-s-mad\tts\cgi\src\tts-refin.o --> gw.gtaplus.com /usr/local/webs/gta/gw/cgi-bin/tts/cgi/src tts-refin.o
2000.08.06 15:15 A C:\unzipped\tt-s-mad\tts\cgi\src\tts-refout.c --> gw.gtaplus.com /usr/local/webs/gta/gw/cgi-bin/tts/cgi/src tts-refout.c
2000.08.06 15:15 A C:\unzipped\tt-s-mad\tts\cgi\src\tts-refout.cgi --> gw.gtaplus.com /usr/local/webs/gta/gw/cgi-bin/tts/cgi/src tts-refout.cgi
2000.08.06 15:16 A C:\unzipped\tt-s-mad\tts\cgi\src\tts-refout.o --> gw.gtaplus.com /usr/local/webs/gta/gw/cgi-bin/tts/cgi/src tts-refout.o
2000.08.06 15:16 A C:\unzipped\tt-s-mad\tts\cgi\src\tts-sort --> gw.gtaplus.com /usr/local/webs/gta/gw/cgi-bin/tts/cgi/src tts-sort
2000.08.06 15:16 A C:\unzipped\tt-s-mad\tts\cgi\src\tts-sort.c --> gw.gtaplus.com /usr/local/webs/gta/gw/cgi-bin/tts/cgi/src tts-sort.c
2000.08.06 15:16 A C:\unzipped\tt-s-mad\tts\cgi\src\tts-sort.o --> gw.gtaplus.com /usr/local/webs/gta/gw/cgi-bin/tts/cgi/src tts-sort.o
2000.08.06 15:16 A C:\unzipped\tt-s-mad\tts\cgi\src\tts-suexec.c --> gw.gtaplus.com /usr/local/webs/gta/gw/cgi-bin/tts/cgi/src tts-suexec.c
2000.08.06 15:16 A C:\unzipped\tt-s-mad\tts\cgi\src\tts-suexec.cgi --> gw.gtaplus.com /usr/local/webs/gta/gw/cgi-bin/tts/cgi/src tts-suexec.cgi
2000.08.06 15:16 A C:\unzipped\tt-s-mad\tts\cgi\src\tts-suexec.o --> gw.gtaplus.com /usr/local/webs/gta/gw/cgi-bin/tts/cgi/src tts-suexec.o
