2001.02.03 23:58 A C:\Scripts\Realtor\templates\_publish_homepage.html --> amereco.org /public_html/temp/rm/templates _publish_homepage.html
2001.02.03 23:58 A C:\Scripts\Realtor\templates\_publish_homepage_index.html --> amereco.org /public_html/temp/rm/templates _publish_homepage_index.html
2001.02.03 23:58 A C:\Scripts\Realtor\templates\_publish_listing.html --> amereco.org /public_html/temp/rm/templates _publish_listing.html
2001.02.03 23:58 A C:\Scripts\Realtor\templates\_publish_listing_index.html --> amereco.org /public_html/temp/rm/templates _publish_listing_index.html
2001.02.03 23:58 A C:\Scripts\Realtor\templates\_search_query.html --> amereco.org /public_html/temp/rm/templates _search_query.html
2001.02.03 23:58 A C:\Scripts\Realtor\templates\_search_results.html --> amereco.org /public_html/temp/rm/templates _search_results.html
2001.02.04 17:24 A C:\Scripts\Realtor\templates\_publish_homepage.html --> ftp.portland.co.uk /rm/templates _publish_homepage.html
2001.02.04 17:24 A C:\Scripts\Realtor\templates\_publish_homepage_index.html --> ftp.portland.co.uk /rm/templates _publish_homepage_index.html
2001.02.04 17:25 A C:\Scripts\Realtor\templates\_publish_listing.html --> ftp.portland.co.uk /rm/templates _publish_listing.html
2001.02.04 17:25 A C:\Scripts\Realtor\templates\_publish_listing_index.html --> ftp.portland.co.uk /rm/templates _publish_listing_index.html
2001.02.04 17:25 A C:\Scripts\Realtor\templates\_search_query.html --> ftp.portland.co.uk /rm/templates _search_query.html
2001.02.04 17:26 A C:\Scripts\Realtor\templates\_search_results.html --> ftp.portland.co.uk /rm/templates _search_results.html
2001.02.04 17:26 A C:\Scripts\Realtor\templates\WS_FTP.LOG --> ftp.portland.co.uk /rm/templates WS_FTP.LOG
2001.02.04 17:44 A C:\Scripts\Realtor\templates\_publish_homepage.html --> realtynet.virtualave.net /public_html/rm/templates _publish_homepage.html
2001.02.04 17:44 A C:\Scripts\Realtor\templates\_publish_homepage_index.html --> realtynet.virtualave.net /public_html/rm/templates _publish_homepage_index.html
2001.02.04 17:44 A C:\Scripts\Realtor\templates\_publish_listing.html --> realtynet.virtualave.net /public_html/rm/templates _publish_listing.html
2001.02.04 17:44 A C:\Scripts\Realtor\templates\_publish_listing_index.html --> realtynet.virtualave.net /public_html/rm/templates _publish_listing_index.html
2001.02.04 17:44 A C:\Scripts\Realtor\templates\_search_query.html --> realtynet.virtualave.net /public_html/rm/templates _search_query.html
2001.02.04 17:45 A C:\Scripts\Realtor\templates\_search_results.html --> realtynet.virtualave.net /public_html/rm/templates _search_results.html
2001.02.04 17:45 A C:\Scripts\Realtor\templates\WS_FTP.LOG --> realtynet.virtualave.net /public_html/rm/templates WS_FTP.LOG
