2002.10.04 21:54 B E:\ben\rpg\images\bg.jpg <-- gaming-honor /httpdocs/rpg/images bg.jpg
2002.10.04 21:54 B E:\ben\rpg\images\bg2.jpg <-- gaming-honor /httpdocs/rpg/images bg2.jpg
2002.10.04 21:54 B E:\ben\rpg\images\bg_chrome.jpg <-- gaming-honor /httpdocs/rpg/images bg_chrome.jpg
2002.10.04 21:54 B E:\ben\rpg\images\cat1.jpg <-- gaming-honor /httpdocs/rpg/images cat1.jpg
2002.10.04 21:54 B E:\ben\rpg\images\cat2.jpg <-- gaming-honor /httpdocs/rpg/images cat2.jpg
2002.10.04 21:54 B E:\ben\rpg\images\cellpic.gif <-- gaming-honor /httpdocs/rpg/images cellpic.gif
2002.10.04 21:54 B E:\ben\rpg\images\cellpic2.jpg <-- gaming-honor /httpdocs/rpg/images cellpic2.jpg
2002.10.04 21:54 B E:\ben\rpg\images\chrono.bmp <-- gaming-honor /httpdocs/rpg/images chrono.bmp
2002.10.04 21:55 B E:\ben\rpg\images\ghban.jpg <-- gaming-honor /httpdocs/rpg/images ghban.jpg
2002.10.04 21:55 B E:\ben\rpg\images\logo.gif <-- gaming-honor /httpdocs/rpg/images logo.gif
2002.10.04 21:55 B E:\ben\rpg\images\logo.jpg <-- gaming-honor /httpdocs/rpg/images logo.jpg
2002.10.04 21:55 B E:\ben\rpg\images\p-dukucard.jpg <-- gaming-honor /httpdocs/rpg/images p-dukucard.jpg
2002.10.05 16:25 B E:\ben\rpg\templates\images\bg.jpg --> ftp.gaming-honor.com /httpdocs/rpg/images bg.jpg
2002.10.05 16:25 B E:\ben\rpg\templates\images\bg1.gif --> ftp.gaming-honor.com /httpdocs/rpg/images bg1.gif
2002.10.05 16:25 B E:\ben\rpg\templates\images\bg2.jpg --> ftp.gaming-honor.com /httpdocs/rpg/images bg2.jpg
2002.10.05 16:25 B E:\ben\rpg\templates\images\cat1.jpg --> ftp.gaming-honor.com /httpdocs/rpg/images cat1.jpg
2002.10.05 16:25 B E:\ben\rpg\templates\images\cat2.jpg --> ftp.gaming-honor.com /httpdocs/rpg/images cat2.jpg
2002.10.05 16:25 B E:\ben\rpg\templates\images\cellpic.gif --> ftp.gaming-honor.com /httpdocs/rpg/images cellpic.gif
2002.10.05 16:25 B E:\ben\rpg\templates\images\cellpic2.jpg --> ftp.gaming-honor.com /httpdocs/rpg/images cellpic2.jpg
2002.10.05 16:25 B E:\ben\rpg\templates\images\ghban.jpg --> ftp.gaming-honor.com /httpdocs/rpg/images ghban.jpg
2002.10.05 16:25 B E:\ben\rpg\templates\images\nopic.gif --> ftp.gaming-honor.com /httpdocs/rpg/images nopic.gif
2002.10.05 16:26 B E:\ben\rpg\templates\images\cat2.jpg --> ftp.gaming-honor.com /httpdocs/rpg/images cat2.jpg
2002.10.06 10:06 B E:\ben\rpg\images\bg.jpg <-- gaming-honor /httpdocs/rpg/images bg.jpg
2002.10.06 10:06 B E:\ben\rpg\images\bg1.gif <-- gaming-honor /httpdocs/rpg/images bg1.gif
2002.10.06 10:06 B E:\ben\rpg\images\bg2.jpg <-- gaming-honor /httpdocs/rpg/images bg2.jpg
2002.10.06 10:06 B E:\ben\rpg\images\cat1.jpg <-- gaming-honor /httpdocs/rpg/images cat1.jpg
2002.10.06 10:06 B E:\ben\rpg\images\cat2.jpg <-- gaming-honor /httpdocs/rpg/images cat2.jpg
2002.10.06 10:06 B E:\ben\rpg\images\cellpic.gif <-- gaming-honor /httpdocs/rpg/images cellpic.gif
2002.10.06 10:06 B E:\ben\rpg\images\cellpic2.jpg <-- gaming-honor /httpdocs/rpg/images cellpic2.jpg
