2002.10.04 21:56 B E:\ben\rpg\action.php <-- gaming-honor /httpdocs/rpg action.php
2002.10.04 21:56 B E:\ben\rpg\arena.php <-- gaming-honor /httpdocs/rpg arena.php
2002.10.04 21:56 B E:\ben\rpg\attack.php <-- gaming-honor /httpdocs/rpg attack.php
2002.10.04 21:56 B E:\ben\rpg\bank.php <-- gaming-honor /httpdocs/rpg bank.php
2002.10.04 21:56 B E:\ben\rpg\battle.php <-- gaming-honor /httpdocs/rpg battle.php
2002.10.04 21:56 B E:\ben\rpg\chat.php <-- gaming-honor /httpdocs/rpg chat.php
2002.10.04 21:56 B E:\ben\rpg\chatconfig.php <-- gaming-honor /httpdocs/rpg chatconfig.php
2002.10.04 21:56 B E:\ben\rpg\cp-index.php <-- gaming-honor /httpdocs/rpg cp-index.php
2002.10.04 21:56 B E:\ben\rpg\cp-inventory.php <-- gaming-honor /httpdocs/rpg cp-inventory.php
2002.10.04 21:56 B E:\ben\rpg\data.inc.php <-- gaming-honor /httpdocs/rpg data.inc.php
2002.10.04 21:56 B E:\ben\rpg\data1.dat <-- gaming-honor /httpdocs/rpg data1.dat
2002.10.04 21:56 B E:\ben\rpg\data4.dat <-- gaming-honor /httpdocs/rpg data4.dat
2002.10.04 21:56 B E:\ben\rpg\db_connect.php <-- gaming-honor /httpdocs/rpg db_connect.php
2002.10.04 21:56 B E:\ben\rpg\editinfo.php <-- gaming-honor /httpdocs/rpg editinfo.php
2002.10.04 21:56 B E:\ben\rpg\entrancecheck.php <-- gaming-honor /httpdocs/rpg entrancecheck.php
2002.10.04 21:56 B E:\ben\rpg\faq.php <-- gaming-honor /httpdocs/rpg faq.php
2002.10.04 21:56 B E:\ben\rpg\functions.php <-- gaming-honor /httpdocs/rpg functions.php
2002.10.04 21:56 B E:\ben\rpg\gendat.dat <-- gaming-honor /httpdocs/rpg gendat.dat
2002.10.04 21:56 B E:\ben\rpg\header.php <-- gaming-honor /httpdocs/rpg header.php
2002.10.04 21:56 B E:\ben\rpg\index.php <-- gaming-honor /httpdocs/rpg index.php
2002.10.04 21:56 B E:\ben\rpg\integrate- wbb.txt <-- gaming-honor /httpdocs/rpg integrate- wbb.txt
2002.10.04 21:56 B E:\ben\rpg\leveltest.php <-- gaming-honor /httpdocs/rpg leveltest.php
2002.10.04 21:56 B E:\ben\rpg\levelup.php <-- gaming-honor /httpdocs/rpg levelup.php
2002.10.04 21:56 B E:\ben\rpg\members.php <-- gaming-honor /httpdocs/rpg members.php
2002.10.04 21:56 B E:\ben\rpg\misc.php <-- gaming-honor /httpdocs/rpg misc.php
2002.10.04 21:56 B E:\ben\rpg\misc2.php <-- gaming-honor /httpdocs/rpg misc2.php
2002.10.04 21:56 B E:\ben\rpg\obi.php <-- gaming-honor /httpdocs/rpg obi.php
2002.10.04 21:56 B E:\ben\rpg\open.php <-- gaming-honor /httpdocs/rpg open.php
2002.10.04 21:56 B E:\ben\rpg\readme.txt <-- gaming-honor /httpdocs/rpg readme.txt
2002.10.04 21:56 B E:\ben\rpg\Readme.txt <-- gaming-honor /httpdocs/rpg Readme.txt
2002.10.04 21:56 B E:\ben\rpg\register-class.php <-- gaming-honor /httpdocs/rpg register-class.php
2002.10.04 21:56 B E:\ben\rpg\register.php <-- gaming-honor /httpdocs/rpg register.php
2002.10.04 21:56 B E:\ben\rpg\reset.php <-- gaming-honor /httpdocs/rpg reset.php
2002.10.04 21:56 B E:\ben\rpg\resurrection.php <-- gaming-honor /httpdocs/rpg resurrection.php
2002.10.04 21:56 B E:\ben\rpg\sell.php <-- gaming-honor /httpdocs/rpg sell.php
2002.10.04 21:56 B E:\ben\rpg\shop-armor.php <-- gaming-honor /httpdocs/rpg shop-armor.php
2002.10.04 21:56 B E:\ben\rpg\shop-boots.php <-- gaming-honor /httpdocs/rpg shop-boots.php
2002.10.04 21:56 B E:\ben\rpg\shop-gloves.php <-- gaming-honor /httpdocs/rpg shop-gloves.php
2002.10.04 21:56 B E:\ben\rpg\shop-helmet.php <-- gaming-honor /httpdocs/rpg shop-helmet.php
2002.10.04 21:56 B E:\ben\rpg\shop-main.php <-- gaming-honor /httpdocs/rpg shop-main.php
2002.10.04 21:56 B E:\ben\rpg\shop-shield.php <-- gaming-honor /httpdocs/rpg shop-shield.php
2002.10.04 21:56 B E:\ben\rpg\shop-smallitem.php <-- gaming-honor /httpdocs/rpg shop-smallitem.php
2002.10.04 21:56 B E:\ben\rpg\shop-specialitem.php <-- gaming-honor /httpdocs/rpg shop-specialitem.php
2002.10.04 21:56 B E:\ben\rpg\shop-weapons.php <-- gaming-honor /httpdocs/rpg shop-weapons.php
2002.10.04 21:56 B E:\ben\rpg\wait.php <-- gaming-honor /httpdocs/rpg wait.php
2002.10.04 21:56 B E:\ben\rpg\weapons.php <-- gaming-honor /httpdocs/rpg weapons.php
2002.10.04 21:56 B E:\ben\rpg\winner.php <-- gaming-honor /httpdocs/rpg winner.php
2002.10.04 22:24 B E:\ben\rpg\data.inc.php --> ftp.gaming-honor.com /httpdocs/rpg data.inc.php
2002.10.04 22:39 B E:\ben\rpg\attack.php --> ftp.gaming-honor.com /httpdocs/rpg attack.php
2002.10.04 22:41 B E:\ben\rpg\arena.php --> ftp.gaming-honor.com /httpdocs/rpg arena.php
2002.10.04 22:41 B E:\ben\rpg\arena.php --> ftp.gaming-honor.com /httpdocs/rpg arena.php
2002.10.04 22:43 B E:\ben\rpg\arena.php --> ftp.gaming-honor.com /httpdocs/rpg arena.php
2002.10.05 16:24 B E:\ben\rpg\arena.php --> ftp.gaming-honor.com /httpdocs/rpg arena.php
2002.10.05 16:41 B E:\ben\rpg\arena.php --> ftp.gaming-honor.com /httpdocs/rpg arena.php
2002.10.05 16:43 B E:\ben\rpg\arena.php --> ftp.gaming-honor.com /httpdocs/rpg arena.php
2002.10.05 16:55 B E:\ben\rpg\arena.php --> ftp.gaming-honor.com /httpdocs/rpg arena.php
2002.10.05 16:55 B E:\ben\rpg\winner.php --> ftp.gaming-honor.com /httpdocs/rpg winner.php
2002.10.05 17:20 B E:\ben\rpg\arena.php --> ftp.gaming-honor.com /httpdocs arena.php
2002.10.05 17:20 B E:\ben\rpg\arena.php --> ftp.gaming-honor.com /httpdocs/rpg arena.php
2002.10.05 17:20 B E:\ben\rpg\header.php --> ftp.gaming-honor.com /httpdocs/rpg header.php
2002.10.05 17:22 B E:\ben\rpg\header.php --> ftp.gaming-honor.com /httpdocs/rpg header.php
2002.10.05 17:26 B E:\ben\rpg\arena.php --> ftp.gaming-honor.com /httpdocs/rpg arena.php
2002.10.05 17:26 B E:\ben\rpg\arena.php --> ftp.gaming-honor.com /httpdocs/rpg arena.php
2002.10.05 17:27 B E:\ben\rpg\arena.php --> ftp.gaming-honor.com /httpdocs/rpg arena.php
2002.10.05 17:46 B E:\ben\rpg\arena.php --> ftp.gaming-honor.com /httpdocs/rpg arena.php
2002.10.05 17:47 B E:\ben\rpg\header.php --> ftp.gaming-honor.com /httpdocs/rpg header.php
2002.10.05 17:58 B E:\ben\rpg\arena.php --> ftp.gaming-honor.com /httpdocs/rpg arena.php
2002.10.05 17:59 B E:\ben\rpg\arena.php --> ftp.gaming-honor.com /httpdocs/rpg arena.php
2002.10.05 18:00 B E:\ben\rpg\arena.php --> ftp.gaming-honor.com /httpdocs/rpg arena.php
2002.10.05 19:08 B E:\ben\rpg\arena.php --> ftp.gaming-honor.com /httpdocs/rpg arena.php
2002.10.05 19:27 B E:\ben\rpg\levelup.php --> ftp.gaming-honor.com /httpdocs/rpg levelup.php
