2002.08.09 16:51 B c:\newswp\SiteWorksPro\admin\adminhelp.php --> siteworkspro.com /htdocs/www/demo/admin adminhelp.php
2002.08.09 16:51 B c:\newswp\SiteWorksPro\admin\affiliates.php --> siteworkspro.com /htdocs/www/demo/admin affiliates.php
2002.08.09 16:51 B c:\newswp\SiteWorksPro\admin\articles.php --> siteworkspro.com /htdocs/www/demo/admin articles.php
2002.08.09 16:51 B c:\newswp\SiteWorksPro\admin\books.php --> siteworkspro.com /htdocs/www/demo/admin books.php
2002.08.09 16:51 B c:\newswp\SiteWorksPro\admin\config.php --> siteworkspro.com /htdocs/www/demo/admin config.php
2002.08.09 16:51 B c:\newswp\SiteWorksPro\admin\config_old.php --> siteworkspro.com /htdocs/www/demo/admin config_old.php
2002.08.09 16:51 B c:\newswp\SiteWorksPro\admin\help.gif --> siteworkspro.com /htdocs/www/demo/admin help.gif
2002.08.09 16:51 B c:\newswp\SiteWorksPro\admin\imagebank.php --> siteworkspro.com /htdocs/www/demo/admin imagebank.php
2002.08.09 16:51 B c:\newswp\SiteWorksPro\admin\index.php --> siteworkspro.com /htdocs/www/demo/admin index.php
2002.08.09 16:51 B c:\newswp\SiteWorksPro\admin\news.php --> siteworkspro.com /htdocs/www/demo/admin news.php
2002.08.09 16:51 B c:\newswp\SiteWorksPro\admin\newsletter.php --> siteworkspro.com /htdocs/www/demo/admin newsletter.php
2002.08.09 16:51 B c:\newswp\SiteWorksPro\admin\personalcontent.php --> siteworkspro.com /htdocs/www/demo/admin personalcontent.php
2002.08.09 16:51 B c:\newswp\SiteWorksPro\admin\polls.php --> siteworkspro.com /htdocs/www/demo/admin polls.php
2002.08.09 16:51 B c:\newswp\SiteWorksPro\admin\setup.php --> siteworkspro.com /htdocs/www/demo/admin setup.php
2002.08.09 16:51 B c:\newswp\SiteWorksPro\admin\sitedetails.php --> siteworkspro.com /htdocs/www/demo/admin sitedetails.php
2002.08.09 16:51 B c:\newswp\SiteWorksPro\admin\topics.php --> siteworkspro.com /htdocs/www/demo/admin topics.php
2002.08.09 16:51 B c:\newswp\SiteWorksPro\admin\unknownauthor.gif --> siteworkspro.com /htdocs/www/demo/admin unknownauthor.gif
2002.08.09 16:51 B c:\newswp\SiteWorksPro\admin\users.php --> siteworkspro.com /htdocs/www/demo/admin users.php
2002.08.09 16:55 B c:\newswp\SiteWorksPro\admin\config.php --> siteworkspro.com /htdocs/www/demo/admin config.php
2002.08.10 10:35 B c:\newswp\SiteWorksPro\admin\config.php --> siteworkspro.com /htdocs/www/demo/admin config.php
2002.08.10 11:03 B c:\newswp\SiteWorksPro\admin\setup.php --> siteworkspro.com /htdocs/www/demo/admin setup.php
2002.09.09 12:40 B c:\newswp\SiteWorksPro\admin\a2g.gif --> www.bday.org /httpdocs/admin a2g.gif
2002.09.09 12:40 B c:\newswp\SiteWorksPro\admin\a2g1.gif --> www.bday.org /httpdocs/admin a2g1.gif
2002.09.09 12:40 B c:\newswp\SiteWorksPro\admin\a2g2.gif --> www.bday.org /httpdocs/admin a2g2.gif
2002.09.09 12:40 B c:\newswp\SiteWorksPro\admin\a2g3.gif --> www.bday.org /httpdocs/admin a2g3.gif
2002.09.09 12:40 B c:\newswp\SiteWorksPro\admin\a2g4.gif --> www.bday.org /httpdocs/admin a2g4.gif
2002.09.09 12:40 B c:\newswp\SiteWorksPro\admin\adminhelp.php --> www.bday.org /httpdocs/admin adminhelp.php
2002.09.09 12:40 B c:\newswp\SiteWorksPro\admin\advertise_off.gif --> www.bday.org /httpdocs/admin advertise_off.gif
2002.09.09 12:40 B c:\newswp\SiteWorksPro\admin\advertise_on.gif --> www.bday.org /httpdocs/admin advertise_on.gif
2002.09.09 12:40 B c:\newswp\SiteWorksPro\admin\affiliates.php --> www.bday.org /httpdocs/admin affiliates.php
2002.09.09 12:40 B c:\newswp\SiteWorksPro\admin\al.gif --> www.bday.org /httpdocs/admin al.gif
2002.09.09 12:40 B c:\newswp\SiteWorksPro\admin\articles.gif --> www.bday.org /httpdocs/admin articles.gif
2002.09.09 12:41 B c:\newswp\SiteWorksPro\admin\articles.php --> www.bday.org /httpdocs/admin articles.php
2002.09.09 12:41 B c:\newswp\SiteWorksPro\admin\banner.gif --> www.bday.org /httpdocs/admin banner.gif
2002.09.09 12:41 B c:\newswp\SiteWorksPro\admin\banner1.gif --> www.bday.org /httpdocs/admin banner1.gif
2002.09.09 12:41 B c:\newswp\SiteWorksPro\admin\bg.gif --> www.bday.org /httpdocs/admin bg.gif
2002.09.09 12:41 B c:\newswp\SiteWorksPro\admin\bgcol.gif --> www.bday.org /httpdocs/admin bgcol.gif
2002.09.09 12:41 B c:\newswp\SiteWorksPro\admin\blank.gif --> www.bday.org /httpdocs/admin blank.gif
2002.09.09 12:41 B c:\newswp\SiteWorksPro\admin\bold.gif --> www.bday.org /httpdocs/admin bold.gif
2002.09.09 12:41 B c:\newswp\SiteWorksPro\admin\book.gif --> www.bday.org /httpdocs/admin book.gif
2002.09.09 12:41 B c:\newswp\SiteWorksPro\admin\book1.gif --> www.bday.org /httpdocs/admin book1.gif
2002.09.09 12:41 B c:\newswp\SiteWorksPro\admin\book2.gif --> www.bday.org /httpdocs/admin book2.gif
2002.09.09 12:41 B c:\newswp\SiteWorksPro\admin\book3.gif --> www.bday.org /httpdocs/admin book3.gif
2002.09.09 12:41 B c:\newswp\SiteWorksPro\admin\books.php --> www.bday.org /httpdocs/admin books.php
2002.09.09 12:41 B c:\newswp\SiteWorksPro\admin\bullist.gif --> www.bday.org /httpdocs/admin bullist.gif
2002.09.09 12:41 B c:\newswp\SiteWorksPro\admin\byauthor.gif --> www.bday.org /httpdocs/admin byauthor.gif
2002.09.09 12:41 B c:\newswp\SiteWorksPro\admin\bycat.gif --> www.bday.org /httpdocs/admin bycat.gif
2002.09.09 12:41 B c:\newswp\SiteWorksPro\admin\bytopic.gif --> www.bday.org /httpdocs/admin bytopic.gif
2002.09.09 12:41 B c:\newswp\SiteWorksPro\admin\cats.gif --> www.bday.org /httpdocs/admin cats.gif
2002.09.09 12:41 B c:\newswp\SiteWorksPro\admin\center.gif --> www.bday.org /httpdocs/admin center.gif
2002.09.09 12:41 B c:\newswp\SiteWorksPro\admin\colors.gif --> www.bday.org /httpdocs/admin colors.gif
2002.09.09 12:41 B c:\newswp\SiteWorksPro\admin\colors.html --> www.bday.org /httpdocs/admin colors.html
2002.09.09 12:41 B c:\newswp\SiteWorksPro\admin\comp.gif --> www.bday.org /httpdocs/admin comp.gif
2002.09.09 12:41 B c:\newswp\SiteWorksPro\admin\config.php --> www.bday.org /httpdocs/admin config.php
2002.09.09 12:41 B c:\newswp\SiteWorksPro\admin\contact_off.gif --> www.bday.org /httpdocs/admin contact_off.gif
2002.09.09 12:41 B c:\newswp\SiteWorksPro\admin\contact_on.gif --> www.bday.org /httpdocs/admin contact_on.gif
2002.09.09 12:41 B c:\newswp\SiteWorksPro\admin\devx.gif --> www.bday.org /httpdocs/admin devx.gif
2002.09.09 12:41 B c:\newswp\SiteWorksPro\admin\dn.gif --> www.bday.org /httpdocs/admin dn.gif
2002.09.09 12:41 B c:\newswp\SiteWorksPro\admin\dot.gif --> www.bday.org /httpdocs/admin dot.gif
2002.09.09 12:41 B c:\newswp\SiteWorksPro\admin\dotbg.gif --> www.bday.org /httpdocs/admin dotbg.gif
2002.09.09 12:41 B c:\newswp\SiteWorksPro\admin\dotcurve.gif --> www.bday.org /httpdocs/admin dotcurve.gif
2002.09.09 12:41 B c:\newswp\SiteWorksPro\admin\doth.gif --> www.bday.org /httpdocs/admin doth.gif
2002.09.09 12:41 B c:\newswp\SiteWorksPro\admin\eb.gif --> www.bday.org /httpdocs/admin eb.gif
2002.09.09 12:41 B c:\newswp\SiteWorksPro\admin\el.gif --> www.bday.org /httpdocs/admin el.gif
2002.09.09 12:41 B c:\newswp\SiteWorksPro\admin\fadedstar.gif --> www.bday.org /httpdocs/admin fadedstar.gif
2002.09.09 12:42 B c:\newswp\SiteWorksPro\admin\forecol.gif --> www.bday.org /httpdocs/admin forecol.gif
2002.09.09 12:42 B c:\newswp\SiteWorksPro\admin\forum_off.gif --> www.bday.org /httpdocs/admin forum_off.gif
2002.09.09 12:42 B c:\newswp\SiteWorksPro\admin\forum_on.gif --> www.bday.org /httpdocs/admin forum_on.gif
2002.09.09 12:42 B c:\newswp\SiteWorksPro\admin\gc.gif --> www.bday.org /httpdocs/admin gc.gif
2002.09.09 12:42 B c:\newswp\SiteWorksPro\admin\greenline.gif --> www.bday.org /httpdocs/admin greenline.gif
2002.09.09 12:42 B c:\newswp\SiteWorksPro\admin\greenline1.gif --> www.bday.org /httpdocs/admin greenline1.gif
2002.09.09 12:42 B c:\newswp\SiteWorksPro\admin\help.gif --> www.bday.org /httpdocs/admin help.gif
2002.09.09 12:42 B c:\newswp\SiteWorksPro\admin\help_off.gif --> www.bday.org /httpdocs/admin help_off.gif
2002.09.09 12:42 B c:\newswp\SiteWorksPro\admin\help_on.gif --> www.bday.org /httpdocs/admin help_on.gif
2002.09.09 12:42 B c:\newswp\SiteWorksPro\admin\hlink.gif --> www.bday.org /httpdocs/admin hlink.gif
2002.09.09 12:42 B c:\newswp\SiteWorksPro\admin\home_off.gif --> www.bday.org /httpdocs/admin home_off.gif
2002.09.09 12:42 B c:\newswp\SiteWorksPro\admin\home_on.gif --> www.bday.org /httpdocs/admin home_on.gif
2002.09.09 12:42 B c:\newswp\SiteWorksPro\admin\hotforum.gif --> www.bday.org /httpdocs/admin hotforum.gif
2002.09.09 12:42 B c:\newswp\SiteWorksPro\admin\ib1_off.gif --> www.bday.org /httpdocs/admin ib1_off.gif
2002.09.09 12:42 B c:\newswp\SiteWorksPro\admin\ib1_on.gif --> www.bday.org /httpdocs/admin ib1_on.gif
2002.09.09 12:42 B c:\newswp\SiteWorksPro\admin\ib2_off.gif --> www.bday.org /httpdocs/admin ib2_off.gif
2002.09.09 12:42 B c:\newswp\SiteWorksPro\admin\ib2_on.gif --> www.bday.org /httpdocs/admin ib2_on.gif
2002.09.09 12:42 B c:\newswp\SiteWorksPro\admin\image.gif --> www.bday.org /httpdocs/admin image.gif
2002.09.09 12:42 B c:\newswp\SiteWorksPro\admin\imagebank.php --> www.bday.org /httpdocs/admin imagebank.php
2002.09.09 12:42 B c:\newswp\SiteWorksPro\admin\index.php --> www.bday.org /httpdocs/admin index.php
2002.09.09 12:42 B c:\newswp\SiteWorksPro\admin\italic.gif --> www.bday.org /httpdocs/admin italic.gif
2002.09.09 12:42 B c:\newswp\SiteWorksPro\admin\justify.gif --> www.bday.org /httpdocs/admin justify.gif
2002.09.09 12:42 B c:\newswp\SiteWorksPro\admin\latest.gif --> www.bday.org /httpdocs/admin latest.gif
2002.09.09 12:42 B c:\newswp\SiteWorksPro\admin\ld.gif --> www.bday.org /httpdocs/admin ld.gif
2002.09.09 12:42 B c:\newswp\SiteWorksPro\admin\left.gif --> www.bday.org /httpdocs/admin left.gif
2002.09.09 12:42 B c:\newswp\SiteWorksPro\admin\link.gif --> www.bday.org /httpdocs/admin link.gif
2002.09.09 12:42 B c:\newswp\SiteWorksPro\admin\list.gif --> www.bday.org /httpdocs/admin list.gif
2002.09.09 12:42 B c:\newswp\SiteWorksPro\admin\login.gif --> www.bday.org /httpdocs/admin login.gif
2002.09.09 12:42 B c:\newswp\SiteWorksPro\admin\loginnow.gif --> www.bday.org /httpdocs/admin loginnow.gif
2002.09.09 12:42 B c:\newswp\SiteWorksPro\admin\logo.jpg --> www.bday.org /httpdocs/admin logo.jpg
2002.09.09 12:42 B c:\newswp\SiteWorksPro\admin\logo_bkup.gif --> www.bday.org /httpdocs/admin logo_bkup.gif
2002.09.09 12:42 B c:\newswp\SiteWorksPro\admin\mitchell.gif --> www.bday.org /httpdocs/admin mitchell.gif
2002.09.09 12:42 B c:\newswp\SiteWorksPro\admin\mode.gif --> www.bday.org /httpdocs/admin mode.gif
2002.09.09 12:42 B c:\newswp\SiteWorksPro\admin\my2c.gif --> www.bday.org /httpdocs/admin my2c.gif
2002.09.09 12:42 B c:\newswp\SiteWorksPro\admin\newcode.gif --> www.bday.org /httpdocs/admin newcode.gif
2002.09.09 12:43 B c:\newswp\SiteWorksPro\admin\news.gif --> www.bday.org /httpdocs/admin news.gif
2002.09.09 12:43 B c:\newswp\SiteWorksPro\admin\news.php --> www.bday.org /httpdocs/admin news.php
2002.09.09 12:43 B c:\newswp\SiteWorksPro\admin\newsletter.php --> www.bday.org /httpdocs/admin newsletter.php
2002.09.09 12:43 B c:\newswp\SiteWorksPro\admin\nl.gif --> www.bday.org /httpdocs/admin nl.gif
2002.09.09 12:43 B c:\newswp\SiteWorksPro\admin\numlist.gif --> www.bday.org /httpdocs/admin numlist.gif
2002.09.09 12:43 B c:\newswp\SiteWorksPro\admin\ordlist.gif --> www.bday.org /httpdocs/admin ordlist.gif
2002.09.09 12:43 B c:\newswp\SiteWorksPro\admin\people.gif --> www.bday.org /httpdocs/admin people.gif
2002.09.09 12:43 B c:\newswp\SiteWorksPro\admin\person.gif --> www.bday.org /httpdocs/admin person.gif
2002.09.09 12:43 B c:\newswp\SiteWorksPro\admin\person1.gif --> www.bday.org /httpdocs/admin person1.gif
2002.09.09 12:43 B c:\newswp\SiteWorksPro\admin\person2.gif --> www.bday.org /httpdocs/admin person2.gif
2002.09.09 12:43 B c:\newswp\SiteWorksPro\admin\person3.gif --> www.bday.org /httpdocs/admin person3.gif
2002.09.09 12:43 B c:\newswp\SiteWorksPro\admin\personalcontent.php --> www.bday.org /httpdocs/admin personalcontent.php
2002.09.09 12:43 B c:\newswp\SiteWorksPro\admin\pleft.gif --> www.bday.org /httpdocs/admin pleft.gif
2002.09.09 12:43 B c:\newswp\SiteWorksPro\admin\pmid.gif --> www.bday.org /httpdocs/admin pmid.gif
2002.09.09 12:43 B c:\newswp\SiteWorksPro\admin\poll.gif --> www.bday.org /httpdocs/admin poll.gif
2002.09.09 12:43 B c:\newswp\SiteWorksPro\admin\polls.php --> www.bday.org /httpdocs/admin polls.php
2002.09.09 12:43 B c:\newswp\SiteWorksPro\admin\post_off.gif --> www.bday.org /httpdocs/admin post_off.gif
2002.09.09 12:43 B c:\newswp\SiteWorksPro\admin\pright.gif --> www.bday.org /httpdocs/admin pright.gif
2002.09.09 12:43 B c:\newswp\SiteWorksPro\admin\rating.gif --> www.bday.org /httpdocs/admin rating.gif
2002.09.09 12:43 B c:\newswp\SiteWorksPro\admin\rating1.gif --> www.bday.org /httpdocs/admin rating1.gif
2002.09.09 12:43 B c:\newswp\SiteWorksPro\admin\rd.gif --> www.bday.org /httpdocs/admin rd.gif
2002.09.09 12:43 B c:\newswp\SiteWorksPro\admin\readmore.gif --> www.bday.org /httpdocs/admin readmore.gif
2002.09.09 12:43 B c:\newswp\SiteWorksPro\admin\remove.gif --> www.bday.org /httpdocs/admin remove.gif
2002.09.09 12:43 B c:\newswp\SiteWorksPro\admin\review_off.gif --> www.bday.org /httpdocs/admin review_off.gif
2002.09.09 12:43 B c:\newswp\SiteWorksPro\admin\review_on.gif --> www.bday.org /httpdocs/admin review_on.gif
2002.09.09 12:43 B c:\newswp\SiteWorksPro\admin\right.gif --> www.bday.org /httpdocs/admin right.gif
2002.09.09 12:43 B c:\newswp\SiteWorksPro\admin\rule.gif --> www.bday.org /httpdocs/admin rule.gif
2002.09.09 12:43 B c:\newswp\SiteWorksPro\admin\setup.php --> www.bday.org /httpdocs/admin setup.php
2002.09.09 12:43 B c:\newswp\SiteWorksPro\admin\sitedetails.php --> www.bday.org /httpdocs/admin sitedetails.php
2002.09.09 12:43 B c:\newswp\SiteWorksPro\admin\star.gif --> www.bday.org /httpdocs/admin star.gif
2002.09.09 12:43 B c:\newswp\SiteWorksPro\admin\tab.gif --> www.bday.org /httpdocs/admin tab.gif
2002.09.09 12:43 B c:\newswp\SiteWorksPro\admin\tab1.gif --> www.bday.org /httpdocs/admin tab1.gif
2002.09.09 12:43 B c:\newswp\SiteWorksPro\admin\test1.gif --> www.bday.org /httpdocs/admin test1.gif
2002.09.09 12:43 B c:\newswp\SiteWorksPro\admin\Thumbs.db --> www.bday.org /httpdocs/admin Thumbs.db
2002.09.09 12:43 B c:\newswp\SiteWorksPro\admin\todaystip.gif --> www.bday.org /httpdocs/admin todaystip.gif
2002.09.09 12:43 B c:\newswp\SiteWorksPro\admin\topbg.gif --> www.bday.org /httpdocs/admin topbg.gif
2002.09.09 12:43 B c:\newswp\SiteWorksPro\admin\topics.php --> www.bday.org /httpdocs/admin topics.php
2002.09.09 12:43 B c:\newswp\SiteWorksPro\admin\topr.gif --> www.bday.org /httpdocs/admin topr.gif
2002.09.09 12:43 B c:\newswp\SiteWorksPro\admin\topreading.gif --> www.bday.org /httpdocs/admin topreading.gif
2002.09.09 12:43 B c:\newswp\SiteWorksPro\admin\totop.gif --> www.bday.org /httpdocs/admin totop.gif
2002.09.09 12:44 B c:\newswp\SiteWorksPro\admin\tr.gif --> www.bday.org /httpdocs/admin tr.gif
2002.09.09 12:44 B c:\newswp\SiteWorksPro\admin\underline.gif --> www.bday.org /httpdocs/admin underline.gif
2002.09.09 12:44 B c:\newswp\SiteWorksPro\admin\unknownauthor.gif --> www.bday.org /httpdocs/admin unknownauthor.gif
2002.09.09 12:44 B c:\newswp\SiteWorksPro\admin\users.php --> www.bday.org /httpdocs/admin users.php
2002.09.09 12:44 B c:\newswp\SiteWorksPro\admin\visitors.gif --> www.bday.org /httpdocs/admin visitors.gif
2002.09.09 12:44 B c:\newswp\SiteWorksPro\admin\websafe.gif --> www.bday.org /httpdocs/admin websafe.gif
2002.09.09 12:44 B c:\newswp\SiteWorksPro\admin\welcome.gif --> www.bday.org /httpdocs/admin welcome.gif
2002.09.09 12:44 B c:\newswp\SiteWorksPro\admin\WS_FTP.LOG --> www.bday.org /httpdocs/admin WS_FTP.LOG
2002.09.09 12:44 B c:\newswp\SiteWorksPro\admin\xml.gif --> www.bday.org /httpdocs/admin xml.gif
